gpasm-1.4.0 #1106 (Oct  6 2014) obj\Debug\dis   10-23-2019  21:26:42        PAGE  1


LOC    OBJECT CODE    LINE  SOURCE TEXT
  VALUE

                      00001 ;--------------------------------------------------------
                      00002 ; File Created by SDCC : free open source ANSI-C Compiler
                      00003 ; Version 3.5.0 #9253 (Jun 20 2015) (MINGW32)
                      00004 ; This file was generated Wed Oct 23 21:26:42 2019
                      00005 ;--------------------------------------------------------
                      00006 ; PIC port for the 14-bit core
                      00007 ;--------------------------------------------------------
                      00008         .file   "display.c"
                      00009         list    p=16f877a
                      00010         radix dec
                      00011         include "p16f877a.inc"
                      00001         LIST
                      00002 
                      00003 ;==========================================================================
                      00004 ; Build date : Aug 07 2014
                      00005 ;  MPASM PIC16F877A processor include
                      00006 ; 
                      00007 ;  (c) Copyright 1999-2014 Microchip Technology, All rights reserved
                      00008 ;==========================================================================
                      00009 
                      00567         LIST
                      00012 ;--------------------------------------------------------
                      00013 ; external declarations
                      00014 ;--------------------------------------------------------
  0000                00015         extern  _OS_Init
  0000                00016         extern  _OS_Start
  0000                00017         extern  _OS_Update
  0000                00018         extern  _time_Init
  0000                00019         extern  _time_Update
  0000                00020         extern  _time_Get
  0000                00021         extern  _SSD_Init
  0000                00022         extern  _update_Segment
  0000                00023         extern  _set_Segment_state
  0000                00024         extern  _set_Segment_Data
  0000                00025         extern  _set_To_Buffer
  0000                00026         extern  __moduchar
  0000                00027         extern  __divuchar
                      00028 
  0000                00029         extern PSAVE
  0000                00030         extern SSAVE
  0000                00031         extern WSAVE
  0000                00032         extern STK12
  0000                00033         extern STK11
  0000                00034         extern STK10
  0000                00035         extern STK09
  0000                00036         extern STK08
  0000                00037         extern STK07
  0000                00038         extern STK06
  0000                00039         extern STK05
  0000                00040         extern STK04
  0000                00041         extern STK03
  0000                00042         extern STK02
  0000                00043         extern STK01
gpasm-1.4.0 #1106 (Oct  6 2014) obj\Debug\dis   10-23-2019  21:26:42        PAGE  2


LOC    OBJECT CODE    LINE  SOURCE TEXT
  VALUE

  0000                00044         extern STK00
                      00045 ;--------------------------------------------------------
                      00046 ; global declarations
                      00047 ;--------------------------------------------------------
  0000                00048         global  _display_Update
  0000                00049         global  _display_Init
  0000                00050         global  _time
                      00051 
                      00052 ;--------------------------------------------------------
                      00053 ; global definitions
                      00054 ;--------------------------------------------------------
                      00055 UD_display_0    udata
0000                  00056 _time   res     3
                      00057 
                      00058 ;--------------------------------------------------------
                      00059 ; absolute symbol definitions
                      00060 ;--------------------------------------------------------
                      00061 ;--------------------------------------------------------
                      00062 ; compiler-defined variables
                      00063 ;--------------------------------------------------------
                      00064 UDL_display_0   udata
0000                  00065 r0x1005 res     1
0001                  00066 r0x1004 res     1
0002                  00067 _display_Update_current_time_1_17       res     1
                      00068 ;--------------------------------------------------------
                      00069 ; initialized data
                      00070 ;--------------------------------------------------------
                      00071 ;--------------------------------------------------------
                      00072 ; overlayable items in internal ram 
                      00073 ;--------------------------------------------------------
                      00074 ;       udata_ovr
                      00075 ;--------------------------------------------------------
                      00076 ; code
                      00077 ;--------------------------------------------------------
                      00078 code_display    code
                      00079 ;***
                      00080 ;  pBlock Stats: dbName = C
                      00081 ;***
                      00082 ;entry:  _display_Update        ;Function start
                      00083 ; 2 exit points
                      00084 ;has an exit
                      00085 ;functions called:
                      00086 ;   _time_Get
                      00087 ;   __moduchar
                      00088 ;   _set_To_Buffer
                      00089 ;   __divuchar
                      00090 ;   _set_To_Buffer
                      00091 ;   __moduchar
                      00092 ;   _set_To_Buffer
                      00093 ;   __divuchar
                      00094 ;   _set_To_Buffer
                      00095 ;   _time_Get
                      00096 ;   __moduchar
gpasm-1.4.0 #1106 (Oct  6 2014) obj\Debug\dis   10-23-2019  21:26:42        PAGE  3


LOC    OBJECT CODE    LINE  SOURCE TEXT
  VALUE

                      00097 ;   _set_To_Buffer
                      00098 ;   __divuchar
                      00099 ;   _set_To_Buffer
                      00100 ;   __moduchar
                      00101 ;   _set_To_Buffer
                      00102 ;   __divuchar
                      00103 ;   _set_To_Buffer
                      00104 ;5 compiler assigned registers:
                      00105 ;   r0x1004
                      00106 ;   r0x1005
                      00107 ;   r0x1006
                      00108 ;   STK01
                      00109 ;   STK00
                      00110 ;; Starting pCode block
                      00111 ;;; /home/sdcc-builder/build/sdcc-build/orig/sdcc/src/pic14/gen.c:2316:resultRemat *{*
                      00112 ;;; /home/sdcc-builder/build/sdcc-build/orig/sdcc/src/pic14/gen.c:2760:genLabel *{*
                      00113 ;; ***  genLabel  2763
                      00114 ;;; /home/sdcc-builder/build/sdcc-build/orig/sdcc/src/pic14/gen.c:2316:resultRemat *{*
                      00115 ;;; /home/sdcc-builder/build/sdcc-build/orig/sdcc/src/pic14/gen.c:2340:genFunction *{*
                      00116 ;; ***  genFunction  2342 curr label offset=4previous max_key=0 
0000                  00117 _display_Update ;Function start
                      00118 ; 2 exit points
                      00119 ;;; /home/sdcc-builder/build/sdcc-build/orig/sdcc/src/pic14/gen.c:2316:resultRemat *{*
                      00120 ;; ***  genPlus  611
                      00121 ;;; /home/sdcc-builder/build/sdcc-build/orig/sdcc/src/pic14/genarith.c:612:genPlus *{*
                      00122 ;; ***  aopForSym 315
                      00123 ;;      327 sym->rname = _display_Update_current_time_1_17, size = 1
                      00124 ;;      575
                      00125 ;;      line = 618 result AOP_DIR=_display_Update_current_time_1_17, size=1, left AOP_DIR=_display_Updat
                            e_current_time_1_17, size=1, right AOP_LIT=0x05, size=1
                      00126 ;;; /home/sdcc-builder/build/sdcc-build/orig/sdcc/src/pic14/genarith.c:142:genPlusIncr *{*
                      00127 ;; ***  genPlusIncr  144
                      00128 ;;      result AOP_DIR, left AOP_DIR, right AOP_LIT
                      00129 ;;      genPlusIncr  156
                      00130 ;;      adding lit to something. size 1
                      00131 ;;; /home/sdcc-builder/build/sdcc-build/orig/sdcc/src/pic14/genarith.c:269:genAddLit *{*
                      00132 ;; ***  genAddLit  270
                      00133 ;;; /home/sdcc-builder/build/sdcc-build/orig/sdcc/src/pic14/genarith.c:233:genAddLit2byte *{*
                      00134 ;; >>> /home/sdcc-builder/build/sdcc-build/orig/sdcc/src/pic14/genarith.c:245:genAddLit2byte
                      00135         .line   18; "display.c" current_time += OS_TICKS;
0000   3005           00136         MOVLW   0x05
                      00137 ;; >>> /home/sdcc-builder/build/sdcc-build/orig/sdcc/src/pic14/genarith.c:246:genAddLit2byte
                      00138 ;;      1009
                      00139 ;;      1028  _display_Update_current_time_1_17   offset=0
0001   ???? ????      00140         BANKSEL _display_Update_current_time_1_17
0003   07??           00141         ADDWF   _display_Update_current_time_1_17,F
                      00142 ;; ***  addSign  861
                      00143 ;;; /home/sdcc-builder/build/sdcc-build/orig/sdcc/src/pic14/genarith.c:862:addSign *{*
                      00144 ;;; /home/sdcc-builder/build/sdcc-build/orig/sdcc/src/pic14/gen.c:2316:resultRemat *{*
                      00145 ;;; /home/sdcc-builder/build/sdcc-build/orig/sdcc/src/pic14/gen.c:3583:genCmpLt *{*
                      00146 ;; ***  genCmpLt  3584
                      00147 ;; ***  aopForSym 315
                      00148 ;;      327 sym->rname = _display_Update_current_time_1_17, size = 1
gpasm-1.4.0 #1106 (Oct  6 2014) obj\Debug\dis   10-23-2019  21:26:42        PAGE  4


LOC    OBJECT CODE    LINE  SOURCE TEXT
  VALUE

                      00149 ;;; /home/sdcc-builder/build/sdcc-build/orig/sdcc/src/pic14/gen.c:3294:genCmp *{*
                      00150 ;;unsigned compare: left < lit(0x14=20), size=1
                      00151 ;; >>> /home/sdcc-builder/build/sdcc-build/orig/sdcc/src/pic14/gen.c:3265:pic14_mov2w_regOrLit
                      00152         .line   19; "display.c" if(current_time < DISPLAY_PRIODE){
0004   3014           00153         MOVLW   0x14
                      00154 ;; >>> /home/sdcc-builder/build/sdcc-build/orig/sdcc/src/pic14/gen.c:3432:genCmp
                      00155 ;;      1009
                      00156 ;;      1028  _display_Update_current_time_1_17   offset=0
                      00157         .line   20; "display.c" return;
0005   02??           00158         SUBWF   _display_Update_current_time_1_17,W
                      00159         .line   22; "display.c" current_time = 0;
0006   1C03           00160         BTFSS   STATUS,0
0007   2???           00161         GOTO    _00111_DS_
0008   01??           00162         CLRF    _display_Update_current_time_1_17
                      00163         .line   23; "display.c" time_Get(&time);
0009   30??           00164         MOVLW   high (_time + 0)
                      00165 ;; >>> /home/sdcc-builder/build/sdcc-build/orig/sdcc/src/pic14/gen.c:1393:movwf
                      00166 ;;      1109 rIdx = r0x104A 
000A   ???? ????      00167         BANKSEL r0x1004
000C   00??           00168         MOVWF   r0x1004
                      00169 ;;; /home/sdcc-builder/build/sdcc-build/orig/sdcc/src/pic14/gen.c:1343:mov2w_op *{*
                      00170 ;; >>> /home/sdcc-builder/build/sdcc-build/orig/sdcc/src/pic14/gen.c:1361:mov2w_op
000D   30??           00171         MOVLW   (_time + 0)
                      00172 ;; >>> /home/sdcc-builder/build/sdcc-build/orig/sdcc/src/pic14/gen.c:1393:movwf
                      00173 ;;      1109 rIdx = r0x1049 
000E   00??           00174         MOVWF   r0x1005
000F   00??           00175         MOVWF   STK01
                      00176 ;;; /home/sdcc-builder/build/sdcc-build/orig/sdcc/src/pic14/gen.c:1343:mov2w_op *{*
                      00177 ;; ***  mov2w  1381  offset=1
                      00178 ;; >>> /home/sdcc-builder/build/sdcc-build/orig/sdcc/src/pic14/gen.c:1386:mov2w
                      00179 ;;      1109 rIdx = r0x104A 
0010   08??           00180         MOVF    r0x1004,W
                      00181 ;;      2135 left AOP_REG
                      00182 ;; >>> /home/sdcc-builder/build/sdcc-build/orig/sdcc/src/pic14/gen.c:2143:genCall
                      00183 ;; ***  popRegFromIdx,1042  , rIdx=0x7f
0011   00??           00184         MOVWF   STK00
                      00185 ;;; /home/sdcc-builder/build/sdcc-build/orig/sdcc/src/pic14/gen.c:1343:mov2w_op *{*
                      00186 ;; ***  mov2w  1381  offset=2
                      00187 ;; >>> /home/sdcc-builder/build/sdcc-build/orig/sdcc/src/pic14/gen.c:1386:mov2w
                      00188 ;;      1109 rIdx = r0x104B 
0012   3000           00189         MOVLW   0x00
                      00190 ;; >>> /home/sdcc-builder/build/sdcc-build/orig/sdcc/src/pic14/gen.c:2173:genCall
0013   ???? ????      00191         PAGESEL _time_Get
                      00192 ;; >>> /home/sdcc-builder/build/sdcc-build/orig/sdcc/src/pic14/gen.c:2175:genCall
0015   2???           00193         CALL    _time_Get
                      00194 ;; >>> /home/sdcc-builder/build/sdcc-build/orig/sdcc/src/pic14/gen.c:2181:genCall
0016   ???? ????      00195         PAGESEL $
                      00196 ;;; /home/sdcc-builder/build/sdcc-build/orig/sdcc/src/pic14/gen.c:1845:unsaveRegisters *{*
                      00197 ;; ***  unsaveRegisters  1847
                      00198 ;;; /home/sdcc-builder/build/sdcc-build/orig/sdcc/src/pic14/gen.c:2316:resultRemat *{*
                      00199 ;;; /home/sdcc-builder/build/sdcc-build/orig/sdcc/src/pic14/gen.c:2316:resultRemat *{*
                      00200 ;;; /home/sdcc-builder/build/sdcc-build/orig/sdcc/src/pic14/gen.c:6162:genPointerGet *{*
                      00201 ;; ***  genPointerGet  6163
gpasm-1.4.0 #1106 (Oct  6 2014) obj\Debug\dis   10-23-2019  21:26:42        PAGE  5


LOC    OBJECT CODE    LINE  SOURCE TEXT
  VALUE

                      00202 ;;; /home/sdcc-builder/build/sdcc-build/orig/sdcc/src/pic14/gen.c:5944:genNearPointerGet *{*
                      00203 ;; ***  genNearPointerGet  5945
                      00204 ;;      613
                      00205 ;;      aopForRemat 392
                      00206 ;;      418: rname _time, val 1, const = 0
                      00207 ;;; /home/sdcc-builder/build/sdcc-build/orig/sdcc/src/pic14/gen.c:5898:genDataPointerGet *{*
                      00208 ;; ***  genDataPointerGet  5899
                      00209 ;;      694 register type nRegs=1
                      00210 ;;      833: aopGet AOP_PCODE type PO_IMMEDIATE
                      00211 ;;      _time offset 1
                      00212 ;;      line = 5911 result AOP_REG=r0x1049, size=1, left AOP_PCODE=(_time+1), size=2, right -=-, size=0
                      00213 ;; >>> /home/sdcc-builder/build/sdcc-build/orig/sdcc/src/pic14/gen.c:5922:genDataPointerGet
                      00214 ;;      popGet AOP_PCODE (PO_IMMEDIATE + 0) 1130 _time
                      00215         .line   25; "display.c" set_To_Buffer( segment1, time.minutes%10);
0018   ???? ????      00216         BANKSEL _time
001A   08??           00217         MOVF    (_time + 1),W
                      00218 ;; >>> /home/sdcc-builder/build/sdcc-build/orig/sdcc/src/pic14/gen.c:5923:genDataPointerGet
                      00219 ;;      1109 rIdx = r0x1049 
001B   ???? ????      00220         BANKSEL r0x1005
001D   00??           00221         MOVWF   r0x1005
                      00222 ;;; /home/sdcc-builder/build/sdcc-build/orig/sdcc/src/pic14/gen.c:2316:resultRemat *{*
                      00223 ;;; /home/sdcc-builder/build/sdcc-build/orig/sdcc/src/pic14/gen.c:3154:genMod *{*
                      00224 ;; ***  genMod  3155
                      00225 ;;      694 register type nRegs=1
                      00226 ;;      694 register type nRegs=1
                      00227 ;;; /home/sdcc-builder/build/sdcc-build/orig/sdcc/src/pic14/gen.c:3068:genModOneByte *{*
                      00228 ;; ***  genModOneByte  3069
                      00229 ;; ***  mov2w  1381  offset=0
                      00230 ;; >>> /home/sdcc-builder/build/sdcc-build/orig/sdcc/src/pic14/gen.c:1384:mov2w
001E   300A           00231         MOVLW   0x0a
                      00232 ;; >>> /home/sdcc-builder/build/sdcc-build/orig/sdcc/src/pic14/gen.c:3086:genModOneByte
                      00233 ;; ***  popRegFromIdx,1042  , rIdx=0x7f
001F   00??           00234         MOVWF   STK00
                      00235 ;; ***  mov2w  1381  offset=0
                      00236 ;; >>> /home/sdcc-builder/build/sdcc-build/orig/sdcc/src/pic14/gen.c:1386:mov2w
                      00237 ;;      1109 rIdx = r0x1049 
0020   08??           00238         MOVF    r0x1005,W
                      00239 ;; >>> /home/sdcc-builder/build/sdcc-build/orig/sdcc/src/pic14/gen.c:1433:call_libraryfunc
0021   ???? ????      00240         PAGESEL __moduchar
                      00241 ;; >>> /home/sdcc-builder/build/sdcc-build/orig/sdcc/src/pic14/gen.c:1435:call_libraryfunc
0023   2???           00242         CALL    __moduchar
                      00243 ;; >>> /home/sdcc-builder/build/sdcc-build/orig/sdcc/src/pic14/gen.c:1437:call_libraryfunc
0024   ???? ????      00244         PAGESEL $
                      00245 ;; >>> /home/sdcc-builder/build/sdcc-build/orig/sdcc/src/pic14/gen.c:1393:movwf
                      00246 ;;      1109 rIdx = r0x104A 
0026   ???? ????      00247         BANKSEL r0x1004
0028   00??           00248         MOVWF   r0x1004
0029   00??           00249         MOVWF   STK00
                      00250 ;;; /home/sdcc-builder/build/sdcc-build/orig/sdcc/src/pic14/gen.c:1343:mov2w_op *{*
                      00251 ;; >>> /home/sdcc-builder/build/sdcc-build/orig/sdcc/src/pic14/gen.c:1361:mov2w_op
002A   3000           00252         MOVLW   0x00
                      00253 ;; >>> /home/sdcc-builder/build/sdcc-build/orig/sdcc/src/pic14/gen.c:2173:genCall
002B   ???? ????      00254         PAGESEL _set_To_Buffer
gpasm-1.4.0 #1106 (Oct  6 2014) obj\Debug\dis   10-23-2019  21:26:42        PAGE  6


LOC    OBJECT CODE    LINE  SOURCE TEXT
  VALUE

                      00255 ;; >>> /home/sdcc-builder/build/sdcc-build/orig/sdcc/src/pic14/gen.c:2175:genCall
002D   2???           00256         CALL    _set_To_Buffer
                      00257 ;; >>> /home/sdcc-builder/build/sdcc-build/orig/sdcc/src/pic14/gen.c:2181:genCall
002E   ???? ????      00258         PAGESEL $
                      00259 ;;; /home/sdcc-builder/build/sdcc-build/orig/sdcc/src/pic14/gen.c:1845:unsaveRegisters *{*
                      00260 ;; ***  unsaveRegisters  1847
                      00261 ;;; /home/sdcc-builder/build/sdcc-build/orig/sdcc/src/pic14/gen.c:2316:resultRemat *{*
                      00262 ;;; /home/sdcc-builder/build/sdcc-build/orig/sdcc/src/pic14/gen.c:6162:genPointerGet *{*
                      00263 ;; ***  genPointerGet  6163
                      00264 ;;; /home/sdcc-builder/build/sdcc-build/orig/sdcc/src/pic14/gen.c:5944:genNearPointerGet *{*
                      00265 ;; ***  genNearPointerGet  5945
                      00266 ;;      613
                      00267 ;;      aopForRemat 392
                      00268 ;;      418: rname _time, val 1, const = 0
                      00269 ;;; /home/sdcc-builder/build/sdcc-build/orig/sdcc/src/pic14/gen.c:5898:genDataPointerGet *{*
                      00270 ;; ***  genDataPointerGet  5899
                      00271 ;;      694 register type nRegs=1
                      00272 ;;      833: aopGet AOP_PCODE type PO_IMMEDIATE
                      00273 ;;      _time offset 1
                      00274 ;;      line = 5911 result AOP_REG=r0x1049, size=1, left AOP_PCODE=(_time+1), size=2, right -=-, size=0
                      00275 ;; >>> /home/sdcc-builder/build/sdcc-build/orig/sdcc/src/pic14/gen.c:5922:genDataPointerGet
                      00276 ;;      popGet AOP_PCODE (PO_IMMEDIATE + 0) 1130 _time
                      00277         .line   26; "display.c" set_To_Buffer( segment2, time.minutes/10);
0030   ???? ????      00278         BANKSEL _time
0032   08??           00279         MOVF    (_time + 1),W
                      00280 ;; >>> /home/sdcc-builder/build/sdcc-build/orig/sdcc/src/pic14/gen.c:5923:genDataPointerGet
                      00281 ;;      1109 rIdx = r0x1049 
0033   ???? ????      00282         BANKSEL r0x1005
0035   00??           00283         MOVWF   r0x1005
                      00284 ;;; /home/sdcc-builder/build/sdcc-build/orig/sdcc/src/pic14/gen.c:2316:resultRemat *{*
                      00285 ;;; /home/sdcc-builder/build/sdcc-build/orig/sdcc/src/pic14/gen.c:3030:genDiv *{*
                      00286 ;; ***  genDiv  3031
                      00287 ;;      694 register type nRegs=1
                      00288 ;;      694 register type nRegs=1
                      00289 ;;; /home/sdcc-builder/build/sdcc-build/orig/sdcc/src/pic14/gen.c:2943:genDivOneByte *{*
                      00290 ;; ***  genDivOneByte  2944
                      00291 ;; ***  mov2w  1381  offset=0
                      00292 ;; >>> /home/sdcc-builder/build/sdcc-build/orig/sdcc/src/pic14/gen.c:1384:mov2w
0036   300A           00293         MOVLW   0x0a
                      00294 ;; >>> /home/sdcc-builder/build/sdcc-build/orig/sdcc/src/pic14/gen.c:2961:genDivOneByte
                      00295 ;; ***  popRegFromIdx,1042  , rIdx=0x7f
0037   00??           00296         MOVWF   STK00
                      00297 ;; ***  mov2w  1381  offset=0
                      00298 ;; >>> /home/sdcc-builder/build/sdcc-build/orig/sdcc/src/pic14/gen.c:1386:mov2w
                      00299 ;;      1109 rIdx = r0x1049 
0038   08??           00300         MOVF    r0x1005,W
                      00301 ;; >>> /home/sdcc-builder/build/sdcc-build/orig/sdcc/src/pic14/gen.c:1433:call_libraryfunc
0039   ???? ????      00302         PAGESEL __divuchar
                      00303 ;; >>> /home/sdcc-builder/build/sdcc-build/orig/sdcc/src/pic14/gen.c:1435:call_libraryfunc
003B   2???           00304         CALL    __divuchar
                      00305 ;; >>> /home/sdcc-builder/build/sdcc-build/orig/sdcc/src/pic14/gen.c:1437:call_libraryfunc
003C   ???? ????      00306         PAGESEL $
                      00307 ;; >>> /home/sdcc-builder/build/sdcc-build/orig/sdcc/src/pic14/gen.c:1393:movwf
gpasm-1.4.0 #1106 (Oct  6 2014) obj\Debug\dis   10-23-2019  21:26:42        PAGE  7


LOC    OBJECT CODE    LINE  SOURCE TEXT
  VALUE

                      00308 ;;      1109 rIdx = r0x104A 
003E   ???? ????      00309         BANKSEL r0x1004
0040   00??           00310         MOVWF   r0x1004
0041   00??           00311         MOVWF   STK00
                      00312 ;;; /home/sdcc-builder/build/sdcc-build/orig/sdcc/src/pic14/gen.c:1343:mov2w_op *{*
                      00313 ;; >>> /home/sdcc-builder/build/sdcc-build/orig/sdcc/src/pic14/gen.c:1361:mov2w_op
0042   3001           00314         MOVLW   0x01
                      00315 ;; >>> /home/sdcc-builder/build/sdcc-build/orig/sdcc/src/pic14/gen.c:2173:genCall
0043   ???? ????      00316         PAGESEL _set_To_Buffer
                      00317 ;; >>> /home/sdcc-builder/build/sdcc-build/orig/sdcc/src/pic14/gen.c:2175:genCall
0045   2???           00318         CALL    _set_To_Buffer
                      00319 ;; >>> /home/sdcc-builder/build/sdcc-build/orig/sdcc/src/pic14/gen.c:2181:genCall
0046   ???? ????      00320         PAGESEL $
                      00321 ;;; /home/sdcc-builder/build/sdcc-build/orig/sdcc/src/pic14/gen.c:1845:unsaveRegisters *{*
                      00322 ;; ***  unsaveRegisters  1847
                      00323 ;;; /home/sdcc-builder/build/sdcc-build/orig/sdcc/src/pic14/gen.c:2316:resultRemat *{*
                      00324 ;;; /home/sdcc-builder/build/sdcc-build/orig/sdcc/src/pic14/gen.c:2316:resultRemat *{*
                      00325 ;;; /home/sdcc-builder/build/sdcc-build/orig/sdcc/src/pic14/gen.c:6162:genPointerGet *{*
                      00326 ;; ***  genPointerGet  6163
                      00327 ;;; /home/sdcc-builder/build/sdcc-build/orig/sdcc/src/pic14/gen.c:5944:genNearPointerGet *{*
                      00328 ;; ***  genNearPointerGet  5945
                      00329 ;;      613
                      00330 ;;      aopForRemat 392
                      00331 ;;      418: rname _time, val 2, const = 0
                      00332 ;;; /home/sdcc-builder/build/sdcc-build/orig/sdcc/src/pic14/gen.c:5898:genDataPointerGet *{*
                      00333 ;; ***  genDataPointerGet  5899
                      00334 ;;      694 register type nRegs=1
                      00335 ;;      833: aopGet AOP_PCODE type PO_IMMEDIATE
                      00336 ;;      _time offset 2
                      00337 ;;      line = 5911 result AOP_REG=r0x1049, size=1, left AOP_PCODE=(_time+2), size=2, right -=-, size=0
                      00338 ;; >>> /home/sdcc-builder/build/sdcc-build/orig/sdcc/src/pic14/gen.c:5922:genDataPointerGet
                      00339 ;;      popGet AOP_PCODE (PO_IMMEDIATE + 0) 1130 _time
                      00340         .line   27; "display.c" set_To_Buffer( segment3, time.hours%10);
0048   ???? ????      00341         BANKSEL _time
004A   08??           00342         MOVF    (_time + 2),W
                      00343 ;; >>> /home/sdcc-builder/build/sdcc-build/orig/sdcc/src/pic14/gen.c:5923:genDataPointerGet
                      00344 ;;      1109 rIdx = r0x1049 
004B   ???? ????      00345         BANKSEL r0x1005
004D   00??           00346         MOVWF   r0x1005
                      00347 ;;; /home/sdcc-builder/build/sdcc-build/orig/sdcc/src/pic14/gen.c:2316:resultRemat *{*
                      00348 ;;; /home/sdcc-builder/build/sdcc-build/orig/sdcc/src/pic14/gen.c:3154:genMod *{*
                      00349 ;; ***  genMod  3155
                      00350 ;;      694 register type nRegs=1
                      00351 ;;      694 register type nRegs=1
                      00352 ;;; /home/sdcc-builder/build/sdcc-build/orig/sdcc/src/pic14/gen.c:3068:genModOneByte *{*
                      00353 ;; ***  genModOneByte  3069
                      00354 ;; ***  mov2w  1381  offset=0
                      00355 ;; >>> /home/sdcc-builder/build/sdcc-build/orig/sdcc/src/pic14/gen.c:1384:mov2w
004E   300A           00356         MOVLW   0x0a
                      00357 ;; >>> /home/sdcc-builder/build/sdcc-build/orig/sdcc/src/pic14/gen.c:3086:genModOneByte
                      00358 ;; ***  popRegFromIdx,1042  , rIdx=0x7f
004F   00??           00359         MOVWF   STK00
                      00360 ;; ***  mov2w  1381  offset=0
gpasm-1.4.0 #1106 (Oct  6 2014) obj\Debug\dis   10-23-2019  21:26:42        PAGE  8


LOC    OBJECT CODE    LINE  SOURCE TEXT
  VALUE

                      00361 ;; >>> /home/sdcc-builder/build/sdcc-build/orig/sdcc/src/pic14/gen.c:1386:mov2w
                      00362 ;;      1109 rIdx = r0x1049 
0050   08??           00363         MOVF    r0x1005,W
                      00364 ;; >>> /home/sdcc-builder/build/sdcc-build/orig/sdcc/src/pic14/gen.c:1433:call_libraryfunc
0051   ???? ????      00365         PAGESEL __moduchar
                      00366 ;; >>> /home/sdcc-builder/build/sdcc-build/orig/sdcc/src/pic14/gen.c:1435:call_libraryfunc
0053   2???           00367         CALL    __moduchar
                      00368 ;; >>> /home/sdcc-builder/build/sdcc-build/orig/sdcc/src/pic14/gen.c:1437:call_libraryfunc
0054   ???? ????      00369         PAGESEL $
                      00370 ;; >>> /home/sdcc-builder/build/sdcc-build/orig/sdcc/src/pic14/gen.c:1393:movwf
                      00371 ;;      1109 rIdx = r0x104A 
0056   ???? ????      00372         BANKSEL r0x1004
0058   00??           00373         MOVWF   r0x1004
0059   00??           00374         MOVWF   STK00
                      00375 ;;; /home/sdcc-builder/build/sdcc-build/orig/sdcc/src/pic14/gen.c:1343:mov2w_op *{*
                      00376 ;; >>> /home/sdcc-builder/build/sdcc-build/orig/sdcc/src/pic14/gen.c:1361:mov2w_op
005A   3002           00377         MOVLW   0x02
                      00378 ;; >>> /home/sdcc-builder/build/sdcc-build/orig/sdcc/src/pic14/gen.c:2173:genCall
005B   ???? ????      00379         PAGESEL _set_To_Buffer
                      00380 ;; >>> /home/sdcc-builder/build/sdcc-build/orig/sdcc/src/pic14/gen.c:2175:genCall
005D   2???           00381         CALL    _set_To_Buffer
                      00382 ;; >>> /home/sdcc-builder/build/sdcc-build/orig/sdcc/src/pic14/gen.c:2181:genCall
005E   ???? ????      00383         PAGESEL $
                      00384 ;;; /home/sdcc-builder/build/sdcc-build/orig/sdcc/src/pic14/gen.c:1845:unsaveRegisters *{*
                      00385 ;; ***  unsaveRegisters  1847
                      00386 ;;; /home/sdcc-builder/build/sdcc-build/orig/sdcc/src/pic14/gen.c:2316:resultRemat *{*
                      00387 ;;; /home/sdcc-builder/build/sdcc-build/orig/sdcc/src/pic14/gen.c:6162:genPointerGet *{*
                      00388 ;; ***  genPointerGet  6163
                      00389 ;;; /home/sdcc-builder/build/sdcc-build/orig/sdcc/src/pic14/gen.c:5944:genNearPointerGet *{*
                      00390 ;; ***  genNearPointerGet  5945
                      00391 ;;      613
                      00392 ;;      aopForRemat 392
                      00393 ;;      418: rname _time, val 2, const = 0
                      00394 ;;; /home/sdcc-builder/build/sdcc-build/orig/sdcc/src/pic14/gen.c:5898:genDataPointerGet *{*
                      00395 ;; ***  genDataPointerGet  5899
                      00396 ;;      694 register type nRegs=1
                      00397 ;;      833: aopGet AOP_PCODE type PO_IMMEDIATE
                      00398 ;;      _time offset 2
                      00399 ;;      line = 5911 result AOP_REG=r0x1049, size=1, left AOP_PCODE=(_time+2), size=2, right -=-, size=0
                      00400 ;; >>> /home/sdcc-builder/build/sdcc-build/orig/sdcc/src/pic14/gen.c:5922:genDataPointerGet
                      00401 ;;      popGet AOP_PCODE (PO_IMMEDIATE + 0) 1130 _time
                      00402         .line   28; "display.c" set_To_Buffer( segment4, time.hours/10);
0060   ???? ????      00403         BANKSEL _time
0062   08??           00404         MOVF    (_time + 2),W
                      00405 ;; >>> /home/sdcc-builder/build/sdcc-build/orig/sdcc/src/pic14/gen.c:5923:genDataPointerGet
                      00406 ;;      1109 rIdx = r0x1049 
0063   ???? ????      00407         BANKSEL r0x1005
0065   00??           00408         MOVWF   r0x1005
                      00409 ;;; /home/sdcc-builder/build/sdcc-build/orig/sdcc/src/pic14/gen.c:2316:resultRemat *{*
                      00410 ;;; /home/sdcc-builder/build/sdcc-build/orig/sdcc/src/pic14/gen.c:3030:genDiv *{*
                      00411 ;; ***  genDiv  3031
                      00412 ;;      694 register type nRegs=1
                      00413 ;;      694 register type nRegs=1
gpasm-1.4.0 #1106 (Oct  6 2014) obj\Debug\dis   10-23-2019  21:26:42        PAGE  9


LOC    OBJECT CODE    LINE  SOURCE TEXT
  VALUE

                      00414 ;;; /home/sdcc-builder/build/sdcc-build/orig/sdcc/src/pic14/gen.c:2943:genDivOneByte *{*
                      00415 ;; ***  genDivOneByte  2944
                      00416 ;; ***  mov2w  1381  offset=0
                      00417 ;; >>> /home/sdcc-builder/build/sdcc-build/orig/sdcc/src/pic14/gen.c:1384:mov2w
0066   300A           00418         MOVLW   0x0a
                      00419 ;; >>> /home/sdcc-builder/build/sdcc-build/orig/sdcc/src/pic14/gen.c:2961:genDivOneByte
                      00420 ;; ***  popRegFromIdx,1042  , rIdx=0x7f
0067   00??           00421         MOVWF   STK00
                      00422 ;; ***  mov2w  1381  offset=0
                      00423 ;; >>> /home/sdcc-builder/build/sdcc-build/orig/sdcc/src/pic14/gen.c:1386:mov2w
                      00424 ;;      1109 rIdx = r0x1049 
0068   08??           00425         MOVF    r0x1005,W
                      00426 ;; >>> /home/sdcc-builder/build/sdcc-build/orig/sdcc/src/pic14/gen.c:1433:call_libraryfunc
0069   ???? ????      00427         PAGESEL __divuchar
                      00428 ;; >>> /home/sdcc-builder/build/sdcc-build/orig/sdcc/src/pic14/gen.c:1435:call_libraryfunc
006B   2???           00429         CALL    __divuchar
                      00430 ;; >>> /home/sdcc-builder/build/sdcc-build/orig/sdcc/src/pic14/gen.c:1437:call_libraryfunc
006C   ???? ????      00431         PAGESEL $
                      00432 ;; >>> /home/sdcc-builder/build/sdcc-build/orig/sdcc/src/pic14/gen.c:1393:movwf
                      00433 ;;      1109 rIdx = r0x104A 
006E   ???? ????      00434         BANKSEL r0x1004
0070   00??           00435         MOVWF   r0x1004
0071   00??           00436         MOVWF   STK00
                      00437 ;;; /home/sdcc-builder/build/sdcc-build/orig/sdcc/src/pic14/gen.c:1343:mov2w_op *{*
                      00438 ;; >>> /home/sdcc-builder/build/sdcc-build/orig/sdcc/src/pic14/gen.c:1361:mov2w_op
0072   3003           00439         MOVLW   0x03
                      00440 ;; >>> /home/sdcc-builder/build/sdcc-build/orig/sdcc/src/pic14/gen.c:2173:genCall
0073   ???? ????      00441         PAGESEL _set_To_Buffer
                      00442 ;; >>> /home/sdcc-builder/build/sdcc-build/orig/sdcc/src/pic14/gen.c:2175:genCall
0075   2???           00443         CALL    _set_To_Buffer
                      00444 ;; >>> /home/sdcc-builder/build/sdcc-build/orig/sdcc/src/pic14/gen.c:2181:genCall
0076   ???? ????      00445         PAGESEL $
                      00446 ;;; /home/sdcc-builder/build/sdcc-build/orig/sdcc/src/pic14/gen.c:1845:unsaveRegisters *{*
                      00447 ;; ***  unsaveRegisters  1847
                      00448 ;;; /home/sdcc-builder/build/sdcc-build/orig/sdcc/src/pic14/gen.c:2316:resultRemat *{*
                      00449 ;;; /home/sdcc-builder/build/sdcc-build/orig/sdcc/src/pic14/gen.c:2760:genLabel *{*
                      00450 ;; ***  genLabel  2763
                      00451 ;;; /home/sdcc-builder/build/sdcc-build/orig/sdcc/src/pic14/gen.c:2316:resultRemat *{*
                      00452 ;;; /home/sdcc-builder/build/sdcc-build/orig/sdcc/src/pic14/gen.c:2528:genEndFunction *{*
                      00453 ;; ***  genEndFunction  2530
0078                  00454 _00111_DS_
0078   0008           00455         RETURN  
                      00456 ; exit point of _display_Update
                      00457 ;;; /home/sdcc-builder/build/sdcc-build/orig/sdcc/src/pic14/gen.c:7426:genpic14Code *{*
                      00458 
                      00459 ;***
                      00460 ;  pBlock Stats: dbName = C
                      00461 ;***
                      00462 ;entry:  _display_Init  ;Function start
                      00463 ; 2 exit points
                      00464 ;has an exit
                      00465 ;functions called:
                      00466 ;   _set_To_Buffer
gpasm-1.4.0 #1106 (Oct  6 2014) obj\Debug\dis   10-23-2019  21:26:42        PAGE 10


LOC    OBJECT CODE    LINE  SOURCE TEXT
  VALUE

                      00467 ;   _set_To_Buffer
                      00468 ;   _set_To_Buffer
                      00469 ;   _set_To_Buffer
                      00470 ;   _set_To_Buffer
                      00471 ;   _set_To_Buffer
                      00472 ;   _set_To_Buffer
                      00473 ;   _set_To_Buffer
                      00474 ;1 compiler assigned register :
                      00475 ;   STK00
                      00476 ;; Starting pCode block
                      00477 ;;; /home/sdcc-builder/build/sdcc-build/orig/sdcc/src/pic14/gen.c:2316:resultRemat *{*
                      00478 ;;; /home/sdcc-builder/build/sdcc-build/orig/sdcc/src/pic14/gen.c:2760:genLabel *{*
                      00479 ;; ***  genLabel  2763
                      00480 ;;; /home/sdcc-builder/build/sdcc-build/orig/sdcc/src/pic14/gen.c:2316:resultRemat *{*
                      00481 ;;; /home/sdcc-builder/build/sdcc-build/orig/sdcc/src/pic14/gen.c:2340:genFunction *{*
                      00482 ;; ***  genFunction  2342 curr label offset=0previous max_key=0 
0079                  00483 _display_Init   ;Function start
                      00484 ; 2 exit points
                      00485 ;;; /home/sdcc-builder/build/sdcc-build/orig/sdcc/src/pic14/gen.c:2316:resultRemat *{*
                      00486 ;;; /home/sdcc-builder/build/sdcc-build/orig/sdcc/src/pic14/gen.c:2316:resultRemat *{*
                      00487 ;;; /home/sdcc-builder/build/sdcc-build/orig/sdcc/src/pic14/gen.c:2316:resultRemat *{*
                      00488 ;;; /home/sdcc-builder/build/sdcc-build/orig/sdcc/src/pic14/gen.c:2086:genCall *{*
                      00489 ;; ***  genCall  2088
                      00490 ;;; /home/sdcc-builder/build/sdcc-build/orig/sdcc/src/pic14/gen.c:1801:saveRegisters *{*
                      00491 ;; ***  saveRegisters  1803
                      00492 ;;      2135 left AOP_LIT
                      00493 ;;; /home/sdcc-builder/build/sdcc-build/orig/sdcc/src/pic14/gen.c:1343:mov2w_op *{*
                      00494 ;; >>> /home/sdcc-builder/build/sdcc-build/orig/sdcc/src/pic14/gen.c:1361:mov2w_op
                      00495         .line   9; "display.c"  set_To_Buffer(segment1,value_0);
0079   3000           00496         MOVLW   0x00
                      00497 ;;      2135 left AOP_LIT
                      00498 ;; >>> /home/sdcc-builder/build/sdcc-build/orig/sdcc/src/pic14/gen.c:2143:genCall
                      00499 ;; ***  popRegFromIdx,1042  , rIdx=0x7f
007A   00??           00500         MOVWF   STK00
                      00501 ;;; /home/sdcc-builder/build/sdcc-build/orig/sdcc/src/pic14/gen.c:1343:mov2w_op *{*
                      00502 ;; >>> /home/sdcc-builder/build/sdcc-build/orig/sdcc/src/pic14/gen.c:1361:mov2w_op
007B   3000           00503         MOVLW   0x00
                      00504 ;; >>> /home/sdcc-builder/build/sdcc-build/orig/sdcc/src/pic14/gen.c:2173:genCall
007C   ???? ????      00505         PAGESEL _set_To_Buffer
                      00506 ;; >>> /home/sdcc-builder/build/sdcc-build/orig/sdcc/src/pic14/gen.c:2175:genCall
007E   2???           00507         CALL    _set_To_Buffer
                      00508 ;; >>> /home/sdcc-builder/build/sdcc-build/orig/sdcc/src/pic14/gen.c:2181:genCall
007F   ???? ????      00509         PAGESEL $
                      00510 ;;; /home/sdcc-builder/build/sdcc-build/orig/sdcc/src/pic14/gen.c:1845:unsaveRegisters *{*
                      00511 ;; ***  unsaveRegisters  1847
                      00512 ;;; /home/sdcc-builder/build/sdcc-build/orig/sdcc/src/pic14/gen.c:2316:resultRemat *{*
                      00513 ;;; /home/sdcc-builder/build/sdcc-build/orig/sdcc/src/pic14/gen.c:2316:resultRemat *{*
                      00514 ;;; /home/sdcc-builder/build/sdcc-build/orig/sdcc/src/pic14/gen.c:2316:resultRemat *{*
                      00515 ;;; /home/sdcc-builder/build/sdcc-build/orig/sdcc/src/pic14/gen.c:2086:genCall *{*
                      00516 ;; ***  genCall  2088
                      00517 ;;; /home/sdcc-builder/build/sdcc-build/orig/sdcc/src/pic14/gen.c:1801:saveRegisters *{*
                      00518 ;; ***  saveRegisters  1803
                      00519 ;;      2135 left AOP_LIT
gpasm-1.4.0 #1106 (Oct  6 2014) obj\Debug\dis   10-23-2019  21:26:42        PAGE 11


LOC    OBJECT CODE    LINE  SOURCE TEXT
  VALUE

                      00520 ;;; /home/sdcc-builder/build/sdcc-build/orig/sdcc/src/pic14/gen.c:1343:mov2w_op *{*
                      00521 ;; >>> /home/sdcc-builder/build/sdcc-build/orig/sdcc/src/pic14/gen.c:1361:mov2w_op
                      00522         .line   10; "display.c" set_To_Buffer(segment2,value_0);
0081   3000           00523         MOVLW   0x00
                      00524 ;;      2135 left AOP_LIT
                      00525 ;; >>> /home/sdcc-builder/build/sdcc-build/orig/sdcc/src/pic14/gen.c:2143:genCall
                      00526 ;; ***  popRegFromIdx,1042  , rIdx=0x7f
0082   00??           00527         MOVWF   STK00
                      00528 ;;; /home/sdcc-builder/build/sdcc-build/orig/sdcc/src/pic14/gen.c:1343:mov2w_op *{*
                      00529 ;; >>> /home/sdcc-builder/build/sdcc-build/orig/sdcc/src/pic14/gen.c:1361:mov2w_op
0083   3001           00530         MOVLW   0x01
                      00531 ;; >>> /home/sdcc-builder/build/sdcc-build/orig/sdcc/src/pic14/gen.c:2173:genCall
0084   ???? ????      00532         PAGESEL _set_To_Buffer
                      00533 ;; >>> /home/sdcc-builder/build/sdcc-build/orig/sdcc/src/pic14/gen.c:2175:genCall
0086   2???           00534         CALL    _set_To_Buffer
                      00535 ;; >>> /home/sdcc-builder/build/sdcc-build/orig/sdcc/src/pic14/gen.c:2181:genCall
0087   ???? ????      00536         PAGESEL $
                      00537 ;;; /home/sdcc-builder/build/sdcc-build/orig/sdcc/src/pic14/gen.c:1845:unsaveRegisters *{*
                      00538 ;; ***  unsaveRegisters  1847
                      00539 ;;; /home/sdcc-builder/build/sdcc-build/orig/sdcc/src/pic14/gen.c:2316:resultRemat *{*
                      00540 ;;; /home/sdcc-builder/build/sdcc-build/orig/sdcc/src/pic14/gen.c:2316:resultRemat *{*
                      00541 ;;; /home/sdcc-builder/build/sdcc-build/orig/sdcc/src/pic14/gen.c:2316:resultRemat *{*
                      00542 ;;; /home/sdcc-builder/build/sdcc-build/orig/sdcc/src/pic14/gen.c:2086:genCall *{*
                      00543 ;; ***  genCall  2088
                      00544 ;;; /home/sdcc-builder/build/sdcc-build/orig/sdcc/src/pic14/gen.c:1801:saveRegisters *{*
                      00545 ;; ***  saveRegisters  1803
                      00546 ;;      2135 left AOP_LIT
                      00547 ;;; /home/sdcc-builder/build/sdcc-build/orig/sdcc/src/pic14/gen.c:1343:mov2w_op *{*
                      00548 ;; >>> /home/sdcc-builder/build/sdcc-build/orig/sdcc/src/pic14/gen.c:1361:mov2w_op
                      00549         .line   11; "display.c" set_To_Buffer(segment3,value_0);
0089   3000           00550         MOVLW   0x00
                      00551 ;;      2135 left AOP_LIT
                      00552 ;; >>> /home/sdcc-builder/build/sdcc-build/orig/sdcc/src/pic14/gen.c:2143:genCall
                      00553 ;; ***  popRegFromIdx,1042  , rIdx=0x7f
008A   00??           00554         MOVWF   STK00
                      00555 ;;; /home/sdcc-builder/build/sdcc-build/orig/sdcc/src/pic14/gen.c:1343:mov2w_op *{*
                      00556 ;; >>> /home/sdcc-builder/build/sdcc-build/orig/sdcc/src/pic14/gen.c:1361:mov2w_op
008B   3002           00557         MOVLW   0x02
                      00558 ;; >>> /home/sdcc-builder/build/sdcc-build/orig/sdcc/src/pic14/gen.c:2173:genCall
008C   ???? ????      00559         PAGESEL _set_To_Buffer
                      00560 ;; >>> /home/sdcc-builder/build/sdcc-build/orig/sdcc/src/pic14/gen.c:2175:genCall
008E   2???           00561         CALL    _set_To_Buffer
                      00562 ;; >>> /home/sdcc-builder/build/sdcc-build/orig/sdcc/src/pic14/gen.c:2181:genCall
008F   ???? ????      00563         PAGESEL $
                      00564 ;;; /home/sdcc-builder/build/sdcc-build/orig/sdcc/src/pic14/gen.c:1845:unsaveRegisters *{*
                      00565 ;; ***  unsaveRegisters  1847
                      00566 ;;; /home/sdcc-builder/build/sdcc-build/orig/sdcc/src/pic14/gen.c:2316:resultRemat *{*
                      00567 ;;; /home/sdcc-builder/build/sdcc-build/orig/sdcc/src/pic14/gen.c:2316:resultRemat *{*
                      00568 ;;; /home/sdcc-builder/build/sdcc-build/orig/sdcc/src/pic14/gen.c:2316:resultRemat *{*
                      00569 ;;; /home/sdcc-builder/build/sdcc-build/orig/sdcc/src/pic14/gen.c:2086:genCall *{*
                      00570 ;; ***  genCall  2088
                      00571 ;;; /home/sdcc-builder/build/sdcc-build/orig/sdcc/src/pic14/gen.c:1801:saveRegisters *{*
                      00572 ;; ***  saveRegisters  1803
gpasm-1.4.0 #1106 (Oct  6 2014) obj\Debug\dis   10-23-2019  21:26:42        PAGE 12


LOC    OBJECT CODE    LINE  SOURCE TEXT
  VALUE

                      00573 ;;      2135 left AOP_LIT
                      00574 ;;; /home/sdcc-builder/build/sdcc-build/orig/sdcc/src/pic14/gen.c:1343:mov2w_op *{*
                      00575 ;; >>> /home/sdcc-builder/build/sdcc-build/orig/sdcc/src/pic14/gen.c:1361:mov2w_op
                      00576         .line   12; "display.c" set_To_Buffer(segment4,value_0);
0091   3000           00577         MOVLW   0x00
                      00578 ;;      2135 left AOP_LIT
                      00579 ;; >>> /home/sdcc-builder/build/sdcc-build/orig/sdcc/src/pic14/gen.c:2143:genCall
                      00580 ;; ***  popRegFromIdx,1042  , rIdx=0x7f
0092   00??           00581         MOVWF   STK00
                      00582 ;;; /home/sdcc-builder/build/sdcc-build/orig/sdcc/src/pic14/gen.c:1343:mov2w_op *{*
                      00583 ;; >>> /home/sdcc-builder/build/sdcc-build/orig/sdcc/src/pic14/gen.c:1361:mov2w_op
0093   3003           00584         MOVLW   0x03
                      00585 ;; >>> /home/sdcc-builder/build/sdcc-build/orig/sdcc/src/pic14/gen.c:2173:genCall
0094   ???? ????      00586         PAGESEL _set_To_Buffer
                      00587 ;; >>> /home/sdcc-builder/build/sdcc-build/orig/sdcc/src/pic14/gen.c:2175:genCall
0096   2???           00588         CALL    _set_To_Buffer
                      00589 ;; >>> /home/sdcc-builder/build/sdcc-build/orig/sdcc/src/pic14/gen.c:2181:genCall
0097   ???? ????      00590         PAGESEL $
                      00591 ;;; /home/sdcc-builder/build/sdcc-build/orig/sdcc/src/pic14/gen.c:1845:unsaveRegisters *{*
                      00592 ;; ***  unsaveRegisters  1847
                      00593 ;;; /home/sdcc-builder/build/sdcc-build/orig/sdcc/src/pic14/gen.c:2316:resultRemat *{*
                      00594 ;;; /home/sdcc-builder/build/sdcc-build/orig/sdcc/src/pic14/gen.c:2760:genLabel *{*
                      00595 ;; ***  genLabel  2763
                      00596 ;;; /home/sdcc-builder/build/sdcc-build/orig/sdcc/src/pic14/gen.c:2316:resultRemat *{*
                      00597 ;;; /home/sdcc-builder/build/sdcc-build/orig/sdcc/src/pic14/gen.c:2528:genEndFunction *{*
                      00598 ;; ***  genEndFunction  2530
0099   0008           00599         RETURN  
                      00600 ; exit point of _display_Init
                      00601 ;;; /home/sdcc-builder/build/sdcc-build/orig/sdcc/src/pic14/gen.c:7426:genpic14Code *{*
                      00602 
                      00603 
                      00604 ;       code size estimation:
                      00605 ;          74+   40 =   114 instructions (  308 byte)
                      00606 
                      00607         end
gpasm-1.4.0 #1106 (Oct  6 2014) obj\Debug\dis   10-23-2019  21:26:42        PAGE 13


SYMBOL TABLE
  LABEL                             VALUE

ACKDT                             00000005
ACKEN                             00000004
ACKSTAT                           00000006
ADCON0                            0000001F
ADCON1                            0000009F
ADCS0                             00000006
ADCS1                             00000007
ADCS2                             00000006
ADDEN                             00000003
ADFM                              00000007
ADIE                              00000006
ADIF                              00000006
ADON                              00000000
ADRESH                            0000001E
ADRESL                            0000009E
BCLIE                             00000003
BCLIF                             00000003
BF                                00000000
BRGH                              00000002
C                                 00000000
C1INV                             00000004
C1OUT                             00000006
C2INV                             00000005
C2OUT                             00000007
CCP1CON                           00000017
CCP1IE                            00000002
CCP1IF                            00000002
CCP1M0                            00000000
CCP1M1                            00000001
CCP1M2                            00000002
CCP1M3                            00000003
CCP1X                             00000005
CCP1Y                             00000004
CCP2CON                           0000001D
CCP2IE                            00000000
CCP2IF                            00000000
CCP2M0                            00000000
CCP2M1                            00000001
CCP2M2                            00000002
CCP2M3                            00000003
CCP2X                             00000005
CCP2Y                             00000004
CCPR1                             00000015
CCPR1H                            00000016
CCPR1L                            00000015
CCPR2                             0000001B
CCPR2H                            0000001C
CCPR2L                            0000001B
CHS0                              00000003
CHS1                              00000004
CHS2                              00000005
CIS                               00000003
CKE                               00000006
gpasm-1.4.0 #1106 (Oct  6 2014) obj\Debug\dis   10-23-2019  21:26:42        PAGE 14


SYMBOL TABLE
  LABEL                             VALUE 

CKP                               00000004
CM0                               00000000
CM1                               00000001
CM2                               00000002
CMCON                             0000009C
CMIE                              00000006
CMIF                              00000006
CREN                              00000004
CSRC                              00000007
CVR0                              00000000
CVR1                              00000001
CVR2                              00000002
CVR3                              00000003
CVRCON                            0000009D
CVREN                             00000007
CVROE                             00000006
CVRR                              00000005
D                                 00000005
DATA_ADDRESS                      00000005
DC                                00000001
D_A                               00000005
D_NOT_A                           00000005
EEADR                             0000010D
EEADRH                            0000010F
EECON1                            0000018C
EECON2                            0000018D
EEDATA                            0000010C
EEDATH                            0000010E
EEIE                              00000004
EEIF                              00000004
EEPGD                             00000007
F                                 00000001
FERR                              00000002
FSR                               00000004
GCEN                              00000007
GIE                               00000007
GO                                00000002
GO_DONE                           00000002
GO_NOT_DONE                       00000002
I2C_DATA                          00000005
I2C_READ                          00000002
I2C_START                         00000003
I2C_STOP                          00000004
IBF                               00000007
IBOV                              00000005
INDF                              00000000
INTCON                            0000000B
INTE                              00000004
INTEDG                            00000006
INTF                              00000001
IRP                               00000007
NOT_A                             00000005
NOT_ADDRESS                       00000005
gpasm-1.4.0 #1106 (Oct  6 2014) obj\Debug\dis   10-23-2019  21:26:42        PAGE 15


SYMBOL TABLE
  LABEL                             VALUE 

NOT_BO                            00000000
NOT_BOR                           00000000
NOT_DONE                          00000002
NOT_PD                            00000003
NOT_POR                           00000001
NOT_RBPU                          00000007
NOT_RC8                           00000006
NOT_T1SYNC                        00000002
NOT_TO                            00000004
NOT_TX8                           00000006
NOT_W                             00000002
NOT_WRITE                         00000002
OBF                               00000006
OERR                              00000001
OPTION_REG                        00000081
P                                 00000004
PCFG0                             00000000
PCFG1                             00000001
PCFG2                             00000002
PCFG3                             00000003
PCL                               00000002
PCLATH                            0000000A
PCON                              0000008E
PEIE                              00000006
PEN                               00000002
PIE1                              0000008C
PIE2                              0000008D
PIR1                              0000000C
PIR2                              0000000D
PORTA                             00000005
PORTB                             00000006
PORTC                             00000007
PORTD                             00000008
PORTE                             00000009
PR2                               00000092
PS0                               00000000
PS1                               00000001
PS2                               00000002
PSA                               00000003
PSAVE                             00000000
PSPIE                             00000007
PSPIF                             00000007
PSPMODE                           00000004
R                                 00000002
RA0                               00000000
RA1                               00000001
RA2                               00000002
RA3                               00000003
RA4                               00000004
RA5                               00000005
RB0                               00000000
RB1                               00000001
RB2                               00000002
gpasm-1.4.0 #1106 (Oct  6 2014) obj\Debug\dis   10-23-2019  21:26:42        PAGE 16


SYMBOL TABLE
  LABEL                             VALUE 

RB3                               00000003
RB4                               00000004
RB5                               00000005
RB6                               00000006
RB7                               00000007
RBIE                              00000003
RBIF                              00000000
RC0                               00000000
RC1                               00000001
RC2                               00000002
RC3                               00000003
RC4                               00000004
RC5                               00000005
RC6                               00000006
RC7                               00000007
RC8_9                             00000006
RC9                               00000006
RCD8                              00000000
RCEN                              00000003
RCIE                              00000005
RCIF                              00000005
RCREG                             0000001A
RCSTA                             00000018
RD                                00000000
RD0                               00000000
RD1                               00000001
RD2                               00000002
RD3                               00000003
RD4                               00000004
RD5                               00000005
RD6                               00000006
RD7                               00000007
RE0                               00000000
RE1                               00000001
RE2                               00000002
READ_WRITE                        00000002
RP0                               00000005
RP1                               00000006
RSEN                              00000001
RX9                               00000006
RX9D                              00000000
R_NOT_W                           00000002
R_W                               00000002
S                                 00000003
SEN                               00000000
SMP                               00000007
SPBRG                             00000099
SPEN                              00000007
SREN                              00000005
SSAVE                             00000000
SSPADD                            00000093
SSPBUF                            00000013
SSPCON                            00000014
gpasm-1.4.0 #1106 (Oct  6 2014) obj\Debug\dis   10-23-2019  21:26:42        PAGE 17


SYMBOL TABLE
  LABEL                             VALUE 

SSPCON2                           00000091
SSPEN                             00000005
SSPIE                             00000003
SSPIF                             00000003
SSPM0                             00000000
SSPM1                             00000001
SSPM2                             00000002
SSPM3                             00000003
SSPOV                             00000006
SSPSTAT                           00000094
STATUS                            00000003
STK00                             00000000
STK01                             00000000
STK02                             00000000
STK03                             00000000
STK04                             00000000
STK05                             00000000
STK06                             00000000
STK07                             00000000
STK08                             00000000
STK09                             00000000
STK10                             00000000
STK11                             00000000
STK12                             00000000
SYNC                              00000004
T0CS                              00000005
T0IE                              00000005
T0IF                              00000002
T0SE                              00000004
T1CKPS0                           00000004
T1CKPS1                           00000005
T1CON                             00000010
T1INSYNC                          00000002
T1OSCEN                           00000003
T1SYNC                            00000002
T2CKPS0                           00000000
T2CKPS1                           00000001
T2CON                             00000012
TMR0                              00000001
TMR0IE                            00000005
TMR0IF                            00000002
TMR1                              0000000E
TMR1CS                            00000001
TMR1H                             0000000F
TMR1IE                            00000000
TMR1IF                            00000000
TMR1L                             0000000E
TMR1ON                            00000000
TMR2                              00000011
TMR2IE                            00000001
TMR2IF                            00000001
TMR2ON                            00000002
TOUTPS0                           00000003
gpasm-1.4.0 #1106 (Oct  6 2014) obj\Debug\dis   10-23-2019  21:26:42        PAGE 18


SYMBOL TABLE
  LABEL                             VALUE 

TOUTPS1                           00000004
TOUTPS2                           00000005
TOUTPS3                           00000006
TRISA                             00000085
TRISA0                            00000000
TRISA1                            00000001
TRISA2                            00000002
TRISA3                            00000003
TRISA4                            00000004
TRISA5                            00000005
TRISB                             00000086
TRISB0                            00000000
TRISB1                            00000001
TRISB2                            00000002
TRISB3                            00000003
TRISB4                            00000004
TRISB5                            00000005
TRISB6                            00000006
TRISB7                            00000007
TRISC                             00000087
TRISC0                            00000000
TRISC1                            00000001
TRISC2                            00000002
TRISC3                            00000003
TRISC4                            00000004
TRISC5                            00000005
TRISC6                            00000006
TRISC7                            00000007
TRISD                             00000088
TRISD0                            00000000
TRISD1                            00000001
TRISD2                            00000002
TRISD3                            00000003
TRISD4                            00000004
TRISD5                            00000005
TRISD6                            00000006
TRISD7                            00000007
TRISE                             00000089
TRISE0                            00000000
TRISE1                            00000001
TRISE2                            00000002
TRMT                              00000001
TX8_9                             00000006
TX9                               00000006
TX9D                              00000000
TXD8                              00000000
TXEN                              00000005
TXIE                              00000004
TXIF                              00000004
TXREG                             00000019
TXSTA                             00000098
UA                                00000001
W                                 00000000
gpasm-1.4.0 #1106 (Oct  6 2014) obj\Debug\dis   10-23-2019  21:26:42        PAGE 19


SYMBOL TABLE
  LABEL                             VALUE 

WCOL                              00000007
WR                                00000001
WREN                              00000002
WRERR                             00000003
WSAVE                             00000000
Z                                 00000002
_00111_DS_                        00000078
_BODEN_OFF                        00003FBF
_BODEN_ON                         00003FFF
_BOREN_OFF                        00003FBF
_BOREN_ON                         00003FFF
_CONFIG                           00002007
_CPD_OFF                          00003FFF
_CPD_ON                           00003EFF
_CP_ALL                           00001FFF
_CP_OFF                           00003FFF
_CP_ON                            00001FFF
_DEBUG_OFF                        00003FFF
_DEBUG_ON                         000037FF
_DEVID1                           00002006
_FOSC_EXTRC                       00003FFF
_FOSC_HS                          00003FFE
_FOSC_LP                          00003FFC
_FOSC_XT                          00003FFD
_HS_OSC                           00003FFE
_IDLOC0                           00002000
_IDLOC1                           00002001
_IDLOC2                           00002002
_IDLOC3                           00002003
_LP_OSC                           00003FFC
_LVP_OFF                          00003F7F
_LVP_ON                           00003FFF
_OS_Init                          00000000
_OS_Start                         00000000
_OS_Update                        00000000
_PWRTE_OFF                        00003FFF
_PWRTE_ON                         00003FF7
_RC_OSC                           00003FFF
_SSD_Init                         00000000
_WDTE_OFF                         00003FFB
_WDTE_ON                          00003FFF
_WDT_OFF                          00003FFB
_WDT_ON                           00003FFF
_WRT_1FOURTH                      00003BFF
_WRT_256                          00003DFF
_WRT_HALF                         000039FF
_WRT_OFF                          00003FFF
_XT_OSC                           00003FFD
__16F877A                         00000001
__CODE_END                        00001FFF
__CODE_START                      00000000
__COMMON_RAM_END                  0000007F
__COMMON_RAM_START                00000070
gpasm-1.4.0 #1106 (Oct  6 2014) obj\Debug\dis   10-23-2019  21:26:42        PAGE 20


SYMBOL TABLE
  LABEL                             VALUE 

__EEPROM_END                      000021FF
__EEPROM_START                    00002100
__VECTOR_INT                      00000004
__VECTOR_RESET                    00000000
__divuchar                        00000000
__moduchar                        00000000
_code_display_0016                00000016
_code_display_0024                00000024
_code_display_002E                0000002E
_code_display_003C                0000003C
_code_display_0046                00000046
_code_display_0054                00000054
_code_display_005E                0000005E
_code_display_006C                0000006C
_code_display_0076                00000076
_code_display_007F                0000007F
_code_display_0087                00000087
_code_display_008F                0000008F
_code_display_0097                00000097
_display_Init                     00000079
_display_Update                   00000000
_display_Update_current_time_1_17  00000002
_set_Segment_Data                 00000000
_set_Segment_state                00000000
_set_To_Buffer                    00000000
_time                             00000000
_time_Get                         00000000
_time_Init                        00000000
_time_Update                      00000000
_update_Segment                   00000000
r0x1004                           00000001
r0x1005                           00000000

Errors   :     0
Warnings :     0 reported,     0 suppressed
Messages :     0 reported,     0 suppressed

