gpasm-1.4.0 #1106 (Oct  6 2014) obj\Debug\mai   10-23-2019  21:26:42        PAGE  1


LOC    OBJECT CODE    LINE  SOURCE TEXT
  VALUE

                      00001 ;--------------------------------------------------------
                      00002 ; File Created by SDCC : free open source ANSI-C Compiler
                      00003 ; Version 3.5.0 #9253 (Jun 20 2015) (MINGW32)
                      00004 ; This file was generated Wed Oct 23 21:26:42 2019
                      00005 ;--------------------------------------------------------
                      00006 ; PIC port for the 14-bit core
                      00007 ;--------------------------------------------------------
                      00008         .file   "main.c"
                      00009         list    p=16f877a
                      00010         radix dec
                      00011         include "p16f877a.inc"
                      00001         LIST
                      00002 
                      00003 ;==========================================================================
                      00004 ; Build date : Aug 07 2014
                      00005 ;  MPASM PIC16F877A processor include
                      00006 ; 
                      00007 ;  (c) Copyright 1999-2014 Microchip Technology, All rights reserved
                      00008 ;==========================================================================
                      00009 
                      00567         LIST
                      00012 ;--------------------------------------------------------
                      00013 ; config word(s)
                      00014 ;--------------------------------------------------------
2007   0000           00015         __config 0x3f32
                      00016 ;--------------------------------------------------------
                      00017 ; external declarations
                      00018 ;--------------------------------------------------------
  0000                00019         extern  __print_format
  0000                00020         extern  _printf_small
  0000                00021         extern  _printf
  0000                00022         extern  _vprintf
  0000                00023         extern  _sprintf
  0000                00024         extern  _vsprintf
  0000                00025         extern  _puts
  0000                00026         extern  _gets
  0000                00027         extern  _getchar
  0000                00028         extern  _putchar
  0000                00029         extern  _calloc
  0000                00030         extern  _malloc
  0000                00031         extern  _realloc
  0000                00032         extern  _free
  0000                00033         extern  _abs
  0000                00034         extern  _labs
  0000                00035         extern  _atof
  0000                00036         extern  _atoi
  0000                00037         extern  _atol
  0000                00038         extern  __uitoa
  0000                00039         extern  __itoa
  0000                00040         extern  __ultoa
  0000                00041         extern  __ltoa
  0000                00042         extern  _rand
  0000                00043         extern  _srand
gpasm-1.4.0 #1106 (Oct  6 2014) obj\Debug\mai   10-23-2019  21:26:42        PAGE  2


LOC    OBJECT CODE    LINE  SOURCE TEXT
  VALUE

  0000                00044         extern  _OS_Init
  0000                00045         extern  _OS_Start
  0000                00046         extern  _OS_Update
  0000                00047         extern  _display_Init
  0000                00048         extern  _display_Update
  0000                00049         extern  _SSD_Init
  0000                00050         extern  _update_Segment
  0000                00051         extern  _set_Segment_state
  0000                00052         extern  _set_Segment_Data
  0000                00053         extern  _set_To_Buffer
  0000                00054         extern  _STATUSbits
  0000                00055         extern  _PORTAbits
  0000                00056         extern  _PORTBbits
  0000                00057         extern  _PORTCbits
  0000                00058         extern  _PORTDbits
  0000                00059         extern  _PORTEbits
  0000                00060         extern  _INTCONbits
  0000                00061         extern  _PIR1bits
  0000                00062         extern  _PIR2bits
  0000                00063         extern  _T1CONbits
  0000                00064         extern  _T2CONbits
  0000                00065         extern  _SSPCONbits
  0000                00066         extern  _CCP1CONbits
  0000                00067         extern  _RCSTAbits
  0000                00068         extern  _CCP2CONbits
  0000                00069         extern  _ADCON0bits
  0000                00070         extern  _OPTION_REGbits
  0000                00071         extern  _TRISAbits
  0000                00072         extern  _TRISBbits
  0000                00073         extern  _TRISCbits
  0000                00074         extern  _TRISDbits
  0000                00075         extern  _TRISEbits
  0000                00076         extern  _PIE1bits
  0000                00077         extern  _PIE2bits
  0000                00078         extern  _PCONbits
  0000                00079         extern  _SSPCON2bits
  0000                00080         extern  _SSPSTATbits
  0000                00081         extern  _TXSTAbits
  0000                00082         extern  _CMCONbits
  0000                00083         extern  _CVRCONbits
  0000                00084         extern  _ADCON1bits
  0000                00085         extern  _EECON1bits
  0000                00086         extern  _INDF
  0000                00087         extern  _TMR0
  0000                00088         extern  _PCL
  0000                00089         extern  _STATUS
  0000                00090         extern  _FSR
  0000                00091         extern  _PORTA
  0000                00092         extern  _PORTB
  0000                00093         extern  _PORTC
  0000                00094         extern  _PORTD
  0000                00095         extern  _PORTE
  0000                00096         extern  _PCLATH
gpasm-1.4.0 #1106 (Oct  6 2014) obj\Debug\mai   10-23-2019  21:26:42        PAGE  3


LOC    OBJECT CODE    LINE  SOURCE TEXT
  VALUE

  0000                00097         extern  _INTCON
  0000                00098         extern  _PIR1
  0000                00099         extern  _PIR2
  0000                00100         extern  _TMR1
  0000                00101         extern  _TMR1L
  0000                00102         extern  _TMR1H
  0000                00103         extern  _T1CON
  0000                00104         extern  _TMR2
  0000                00105         extern  _T2CON
  0000                00106         extern  _SSPBUF
  0000                00107         extern  _SSPCON
  0000                00108         extern  _CCPR1
  0000                00109         extern  _CCPR1L
  0000                00110         extern  _CCPR1H
  0000                00111         extern  _CCP1CON
  0000                00112         extern  _RCSTA
  0000                00113         extern  _TXREG
  0000                00114         extern  _RCREG
  0000                00115         extern  _CCPR2
  0000                00116         extern  _CCPR2L
  0000                00117         extern  _CCPR2H
  0000                00118         extern  _CCP2CON
  0000                00119         extern  _ADRESH
  0000                00120         extern  _ADCON0
  0000                00121         extern  _OPTION_REG
  0000                00122         extern  _TRISA
  0000                00123         extern  _TRISB
  0000                00124         extern  _TRISC
  0000                00125         extern  _TRISD
  0000                00126         extern  _TRISE
  0000                00127         extern  _PIE1
  0000                00128         extern  _PIE2
  0000                00129         extern  _PCON
  0000                00130         extern  _SSPCON2
  0000                00131         extern  _PR2
  0000                00132         extern  _SSPADD
  0000                00133         extern  _SSPSTAT
  0000                00134         extern  _TXSTA
  0000                00135         extern  _SPBRG
  0000                00136         extern  _CMCON
  0000                00137         extern  _CVRCON
  0000                00138         extern  _ADRESL
  0000                00139         extern  _ADCON1
  0000                00140         extern  _EEDATA
  0000                00141         extern  _EEADR
  0000                00142         extern  _EEDATH
  0000                00143         extern  _EEADRH
  0000                00144         extern  _EECON1
  0000                00145         extern  _EECON2
  0000                00146         extern  __sdcc_gsinit_startup
                      00147 ;--------------------------------------------------------
                      00148 ; global declarations
                      00149 ;--------------------------------------------------------
gpasm-1.4.0 #1106 (Oct  6 2014) obj\Debug\mai   10-23-2019  21:26:42        PAGE  4


LOC    OBJECT CODE    LINE  SOURCE TEXT
  VALUE

  0000                00150         global  _main
  0000                00151         global  _flag
                      00152 
  0000                00153         global PSAVE
  0000                00154         global SSAVE
  0000                00155         global WSAVE
  0000                00156         global STK12
  0000                00157         global STK11
  0000                00158         global STK10
  0000                00159         global STK09
  0000                00160         global STK08
  0000                00161         global STK07
  0000                00162         global STK06
  0000                00163         global STK05
  0000                00164         global STK04
  0000                00165         global STK03
  0000                00166         global STK02
  0000                00167         global STK01
  0000                00168         global STK00
                      00169 
                      00170 sharebank udata_ovr 0x0070
0070                  00171 PSAVE   res 1
0071                  00172 SSAVE   res 1
0072                  00173 WSAVE   res 1
0073                  00174 STK12   res 1
0074                  00175 STK11   res 1
0075                  00176 STK10   res 1
0076                  00177 STK09   res 1
0077                  00178 STK08   res 1
0078                  00179 STK07   res 1
0079                  00180 STK06   res 1
007A                  00181 STK05   res 1
007B                  00182 STK04   res 1
007C                  00183 STK03   res 1
007D                  00184 STK02   res 1
007E                  00185 STK01   res 1
007F                  00186 STK00   res 1
                      00187 
                      00188 ;--------------------------------------------------------
                      00189 ; global definitions
                      00190 ;--------------------------------------------------------
                      00191 ;--------------------------------------------------------
                      00192 ; absolute symbol definitions
                      00193 ;--------------------------------------------------------
                      00194 ;--------------------------------------------------------
                      00195 ; compiler-defined variables
                      00196 ;--------------------------------------------------------
                      00197 ;--------------------------------------------------------
                      00198 ; initialized data
                      00199 ;--------------------------------------------------------
                      00200 
                      00201 ID_main_0       idata
0000                  00202 _flag
gpasm-1.4.0 #1106 (Oct  6 2014) obj\Debug\mai   10-23-2019  21:26:42        PAGE  5


LOC    OBJECT CODE    LINE  SOURCE TEXT
  VALUE

0000   00             00203         db      0x00
                      00204 
                      00205 ;--------------------------------------------------------
                      00206 ; overlayable items in internal ram 
                      00207 ;--------------------------------------------------------
                      00208 ;       udata_ovr
                      00209 ;--------------------------------------------------------
                      00210 ; reset vector 
                      00211 ;--------------------------------------------------------
                      00212 STARTUP code 0x0000
0000   0000           00213         nop
0001   ???? ????      00214         pagesel __sdcc_gsinit_startup
0003   2???           00215         goto    __sdcc_gsinit_startup
                      00216 ;--------------------------------------------------------
                      00217 ; code
                      00218 ;--------------------------------------------------------
                      00219 code_main       code
                      00220 ;***
                      00221 ;  pBlock Stats: dbName = M
                      00222 ;***
                      00223 ;entry:  _main  ;Function start
                      00224 ; 2 exit points
                      00225 ;has an exit
                      00226 ;functions called:
                      00227 ;   _time_Init
                      00228 ;   _display_Init
                      00229 ;   _OS_Init
                      00230 ;   _OS_Start
                      00231 ;   _time_Init
                      00232 ;   _display_Init
                      00233 ;   _OS_Init
                      00234 ;   _OS_Start
                      00235 ;; Starting pCode block
                      00236 ;;; /home/sdcc-builder/build/sdcc-build/orig/sdcc/src/pic14/gen.c:2316:resultRemat *{*
                      00237 ;;; /home/sdcc-builder/build/sdcc-build/orig/sdcc/src/pic14/gen.c:2760:genLabel *{*
                      00238 ;; ***  genLabel  2763
                      00239 ;;; /home/sdcc-builder/build/sdcc-build/orig/sdcc/src/pic14/gen.c:2316:resultRemat *{*
                      00240 ;;; /home/sdcc-builder/build/sdcc-build/orig/sdcc/src/pic14/gen.c:2340:genFunction *{*
                      00241 ;; ***  genFunction  2342 curr label offset=0previous max_key=0 
0000                  00242 _main   ;Function start
                      00243 ; 2 exit points
                      00244 ;;; /home/sdcc-builder/build/sdcc-build/orig/sdcc/src/pic14/gen.c:2316:resultRemat *{*
                      00245 ;;; /home/sdcc-builder/build/sdcc-build/orig/sdcc/src/pic14/gen.c:2086:genCall *{*
                      00246 ;; ***  genCall  2088
                      00247 ;;; /home/sdcc-builder/build/sdcc-build/orig/sdcc/src/pic14/gen.c:1801:saveRegisters *{*
                      00248 ;; ***  saveRegisters  1803
                      00249 ;; >>> /home/sdcc-builder/build/sdcc-build/orig/sdcc/src/pic14/gen.c:2175:genCall
                      00250         .line   15; "main.c"    time_Init();
Error[113]  : Symbol not previously defined: "_time_Init"
0000   2000           00251         CALL    _time_Init
                      00252 ;;; /home/sdcc-builder/build/sdcc-build/orig/sdcc/src/pic14/gen.c:1845:unsaveRegisters *{*
                      00253 ;; ***  unsaveRegisters  1847
                      00254 ;;; /home/sdcc-builder/build/sdcc-build/orig/sdcc/src/pic14/gen.c:2316:resultRemat *{*
gpasm-1.4.0 #1106 (Oct  6 2014) obj\Debug\mai   10-23-2019  21:26:42        PAGE  6


LOC    OBJECT CODE    LINE  SOURCE TEXT
  VALUE

                      00255 ;;; /home/sdcc-builder/build/sdcc-build/orig/sdcc/src/pic14/gen.c:2086:genCall *{*
                      00256 ;; ***  genCall  2088
                      00257 ;;; /home/sdcc-builder/build/sdcc-build/orig/sdcc/src/pic14/gen.c:1801:saveRegisters *{*
                      00258 ;; ***  saveRegisters  1803
                      00259 ;; >>> /home/sdcc-builder/build/sdcc-build/orig/sdcc/src/pic14/gen.c:2173:genCall
                      00260         .line   16; "main.c"    display_Init();
0001   ???? ????      00261         PAGESEL _display_Init
                      00262 ;; >>> /home/sdcc-builder/build/sdcc-build/orig/sdcc/src/pic14/gen.c:2175:genCall
0003   2???           00263         CALL    _display_Init
                      00264 ;; >>> /home/sdcc-builder/build/sdcc-build/orig/sdcc/src/pic14/gen.c:2181:genCall
0004   ???? ????      00265         PAGESEL $
                      00266 ;;; /home/sdcc-builder/build/sdcc-build/orig/sdcc/src/pic14/gen.c:1845:unsaveRegisters *{*
                      00267 ;; ***  unsaveRegisters  1847
                      00268 ;;; /home/sdcc-builder/build/sdcc-build/orig/sdcc/src/pic14/gen.c:2316:resultRemat *{*
                      00269 ;;; /home/sdcc-builder/build/sdcc-build/orig/sdcc/src/pic14/gen.c:2086:genCall *{*
                      00270 ;; ***  genCall  2088
                      00271 ;;; /home/sdcc-builder/build/sdcc-build/orig/sdcc/src/pic14/gen.c:1801:saveRegisters *{*
                      00272 ;; ***  saveRegisters  1803
                      00273 ;; >>> /home/sdcc-builder/build/sdcc-build/orig/sdcc/src/pic14/gen.c:2173:genCall
                      00274         .line   17; "main.c"    OS_Init();
0006   ???? ????      00275         PAGESEL _OS_Init
                      00276 ;; >>> /home/sdcc-builder/build/sdcc-build/orig/sdcc/src/pic14/gen.c:2175:genCall
0008   2???           00277         CALL    _OS_Init
                      00278 ;; >>> /home/sdcc-builder/build/sdcc-build/orig/sdcc/src/pic14/gen.c:2181:genCall
0009   ???? ????      00279         PAGESEL $
                      00280 ;;; /home/sdcc-builder/build/sdcc-build/orig/sdcc/src/pic14/gen.c:1845:unsaveRegisters *{*
                      00281 ;; ***  unsaveRegisters  1847
                      00282 ;;; /home/sdcc-builder/build/sdcc-build/orig/sdcc/src/pic14/gen.c:2316:resultRemat *{*
                      00283 ;;; /home/sdcc-builder/build/sdcc-build/orig/sdcc/src/pic14/gen.c:2086:genCall *{*
                      00284 ;; ***  genCall  2088
                      00285 ;;; /home/sdcc-builder/build/sdcc-build/orig/sdcc/src/pic14/gen.c:1801:saveRegisters *{*
                      00286 ;; ***  saveRegisters  1803
                      00287 ;; >>> /home/sdcc-builder/build/sdcc-build/orig/sdcc/src/pic14/gen.c:2173:genCall
                      00288         .line   18; "main.c"    OS_Start();
000B   ???? ????      00289         PAGESEL _OS_Start
                      00290 ;; >>> /home/sdcc-builder/build/sdcc-build/orig/sdcc/src/pic14/gen.c:2175:genCall
000D   2???           00291         CALL    _OS_Start
                      00292 ;; >>> /home/sdcc-builder/build/sdcc-build/orig/sdcc/src/pic14/gen.c:2181:genCall
000E   ???? ????      00293         PAGESEL $
                      00294 ;;; /home/sdcc-builder/build/sdcc-build/orig/sdcc/src/pic14/gen.c:1845:unsaveRegisters *{*
                      00295 ;; ***  unsaveRegisters  1847
                      00296 ;;; /home/sdcc-builder/build/sdcc-build/orig/sdcc/src/pic14/gen.c:2316:resultRemat *{*
                      00297 ;;; /home/sdcc-builder/build/sdcc-build/orig/sdcc/src/pic14/gen.c:2316:resultRemat *{*
                      00298 ;;; /home/sdcc-builder/build/sdcc-build/orig/sdcc/src/pic14/gen.c:6686:genPointerSet *{*
                      00299 ;; ***  genPointerSet  6687
                      00300 ;;; /home/sdcc-builder/build/sdcc-build/orig/sdcc/src/pic14/gen.c:6505:genNearPointerSet *{*
                      00301 ;; ***  genNearPointerSet  6506
                      00302 ;;      613
                      00303 ;;      aopForRemat 392
                      00304 ;;      418: rname _TRISCbits, val 0, const = 0
                      00305 ;; ***  genNearPointerSet  6521
                      00306 ;;      833: aopGet AOP_PCODE type PO_IMMEDIATE
                      00307 ;;      _TRISCbits
gpasm-1.4.0 #1106 (Oct  6 2014) obj\Debug\mai   10-23-2019  21:26:42        PAGE  7


LOC    OBJECT CODE    LINE  SOURCE TEXT
  VALUE

                      00308 ;;      line = 6523 result AOP_PCODE=_TRISCbits, size=2, left -=-, size=0, right AOP_LIT=0x00, size=1
                      00309 ;;; /home/sdcc-builder/build/sdcc-build/orig/sdcc/src/pic14/gen.c:6249:genPackBits *{*
                      00310 ;; ***  genPackBits  6250
                      00311 ;;      833: aopGet AOP_PCODE type PO_IMMEDIATE
                      00312 ;;      _TRISCbits
                      00313 ;; >>> /home/sdcc-builder/build/sdcc-build/orig/sdcc/src/pic14/gen.c:6275:genPackBits
                      00314         .line   20; "main.c"    TRISC7 = 0;
0010   ???? ????      00315         BANKSEL _TRISCbits
0012   13??           00316         BCF     _TRISCbits,7
                      00317 ;;; /home/sdcc-builder/build/sdcc-build/orig/sdcc/src/pic14/gen.c:2316:resultRemat *{*
                      00318 ;;; /home/sdcc-builder/build/sdcc-build/orig/sdcc/src/pic14/gen.c:2316:resultRemat *{*
                      00319 ;;; /home/sdcc-builder/build/sdcc-build/orig/sdcc/src/pic14/gen.c:6686:genPointerSet *{*
                      00320 ;; ***  genPointerSet  6687
                      00321 ;;; /home/sdcc-builder/build/sdcc-build/orig/sdcc/src/pic14/gen.c:6505:genNearPointerSet *{*
                      00322 ;; ***  genNearPointerSet  6506
                      00323 ;;      613
                      00324 ;;      aopForRemat 392
                      00325 ;;      418: rname _PORTCbits, val 0, const = 0
                      00326 ;; ***  genNearPointerSet  6521
                      00327 ;;      833: aopGet AOP_PCODE type PO_IMMEDIATE
                      00328 ;;      _PORTCbits
                      00329 ;;      line = 6523 result AOP_PCODE=_PORTCbits, size=2, left -=-, size=0, right AOP_LIT=0x00, size=1
                      00330 ;;; /home/sdcc-builder/build/sdcc-build/orig/sdcc/src/pic14/gen.c:6249:genPackBits *{*
                      00331 ;; ***  genPackBits  6250
                      00332 ;;      833: aopGet AOP_PCODE type PO_IMMEDIATE
                      00333 ;;      _PORTCbits
                      00334 ;; >>> /home/sdcc-builder/build/sdcc-build/orig/sdcc/src/pic14/gen.c:6275:genPackBits
                      00335         .line   21; "main.c"    RC7 = 0;
0013   ???? ????      00336         BANKSEL _PORTCbits
0015   13??           00337         BCF     _PORTCbits,7
                      00338 ;;; /home/sdcc-builder/build/sdcc-build/orig/sdcc/src/pic14/gen.c:2316:resultRemat *{*
                      00339 ;;; /home/sdcc-builder/build/sdcc-build/orig/sdcc/src/pic14/gen.c:2760:genLabel *{*
                      00340 ;; ***  genLabel  2763
                      00341 ;;; /home/sdcc-builder/build/sdcc-build/orig/sdcc/src/pic14/gen.c:2316:resultRemat *{*
                      00342 ;;; /home/sdcc-builder/build/sdcc-build/orig/sdcc/src/pic14/gen.c:6759:genIfx *{*
                      00343 ;; ***  genIfx  6760
                      00344 ;; ***  aopForSym 315
                      00345 ;;      327 sym->rname = _flag, size = 1
                      00346 ;; ***  pic14_toBoolean  1515
                      00347 ;; >>> /home/sdcc-builder/build/sdcc-build/orig/sdcc/src/pic14/gen.c:1522:pic14_toBoolean
0016                  00348 _00105_DS_
                      00349         .line   25; "main.c"    while (flag == 0);
0016   3000           00350         MOVLW   0x00
                      00351 ;; >>> /home/sdcc-builder/build/sdcc-build/orig/sdcc/src/pic14/gen.c:1533:pic14_toBoolean
                      00352 ;;      1009
                      00353 ;;      1028  _flag   offset=0
0017   ???? ????      00354         BANKSEL _flag
0019   04??           00355         IORWF   _flag,W
                      00356 ;; >>> /home/sdcc-builder/build/sdcc-build/orig/sdcc/src/pic14/gen.c:6813:genIfx
001A   1903           00357         BTFSC   STATUS,2
                      00358 ;; >>> /home/sdcc-builder/build/sdcc-build/orig/sdcc/src/pic14/gen.c:6814:genIfx
                      00359 ;; ***  popGetLabel  key=1, label offset 4
001B   2???           00360         GOTO    _00105_DS_
gpasm-1.4.0 #1106 (Oct  6 2014) obj\Debug\mai   10-23-2019  21:26:42        PAGE  8


LOC    OBJECT CODE    LINE  SOURCE TEXT
  VALUE

                      00361 ;;; /home/sdcc-builder/build/sdcc-build/orig/sdcc/src/pic14/gen.c:2316:resultRemat *{*
                      00362 ;;; /home/sdcc-builder/build/sdcc-build/orig/sdcc/src/pic14/gen.c:6927:genAssign *{*
                      00363 ;; ***  genAssign  6928
                      00364 ;; ***  aopForSym 315
                      00365 ;;      327 sym->rname = _flag, size = 1
                      00366 ;;      line = 6937 result AOP_DIR=_flag, size=1, left -=-, size=0, right AOP_LIT=0x00, size=1
                      00367 ;; ***  genAssign  7023
                      00368 ;; >>> /home/sdcc-builder/build/sdcc-build/orig/sdcc/src/pic14/gen.c:7035:genAssign
                      00369 ;;      1009
                      00370 ;;      1028  _flag   offset=0
                      00371         .line   27; "main.c"    flag = 0;
001C   01??           00372         CLRF    _flag
                      00373 ;;; /home/sdcc-builder/build/sdcc-build/orig/sdcc/src/pic14/gen.c:2316:resultRemat *{*
                      00374 ;;; /home/sdcc-builder/build/sdcc-build/orig/sdcc/src/pic14/gen.c:2778:genGoto *{*
                      00375 ;; >>> /home/sdcc-builder/build/sdcc-build/orig/sdcc/src/pic14/gen.c:2780:genGoto
                      00376 ;; ***  popGetLabel  key=1, label offset 4
001D   2???           00377         GOTO    _00105_DS_
                      00378 ;;; /home/sdcc-builder/build/sdcc-build/orig/sdcc/src/pic14/gen.c:2316:resultRemat *{*
                      00379 ;;; /home/sdcc-builder/build/sdcc-build/orig/sdcc/src/pic14/gen.c:2760:genLabel *{*
                      00380 ;; ***  genLabel  2763
                      00381 ;;; /home/sdcc-builder/build/sdcc-build/orig/sdcc/src/pic14/gen.c:2316:resultRemat *{*
                      00382 ;;; /home/sdcc-builder/build/sdcc-build/orig/sdcc/src/pic14/gen.c:2528:genEndFunction *{*
                      00383 ;; ***  genEndFunction  2530
001E   0008           00384         RETURN  
                      00385 ; exit point of _main
                      00386 
                      00387 
                      00388 ;       code size estimation:
                      00389 ;          13+    9 =    22 instructions (   62 byte)
                      00390 
                      00391         end
gpasm-1.4.0 #1106 (Oct  6 2014) obj\Debug\mai   10-23-2019  21:26:42        PAGE  9


SYMBOL TABLE
  LABEL                             VALUE

ACKDT                             00000005
ACKEN                             00000004
ACKSTAT                           00000006
ADCON0                            0000001F
ADCON1                            0000009F
ADCS0                             00000006
ADCS1                             00000007
ADCS2                             00000006
ADDEN                             00000003
ADFM                              00000007
ADIE                              00000006
ADIF                              00000006
ADON                              00000000
ADRESH                            0000001E
ADRESL                            0000009E
BCLIE                             00000003
BCLIF                             00000003
BF                                00000000
BRGH                              00000002
C                                 00000000
C1INV                             00000004
C1OUT                             00000006
C2INV                             00000005
C2OUT                             00000007
CCP1CON                           00000017
CCP1IE                            00000002
CCP1IF                            00000002
CCP1M0                            00000000
CCP1M1                            00000001
CCP1M2                            00000002
CCP1M3                            00000003
CCP1X                             00000005
CCP1Y                             00000004
CCP2CON                           0000001D
CCP2IE                            00000000
CCP2IF                            00000000
CCP2M0                            00000000
CCP2M1                            00000001
CCP2M2                            00000002
CCP2M3                            00000003
CCP2X                             00000005
CCP2Y                             00000004
CCPR1                             00000015
CCPR1H                            00000016
CCPR1L                            00000015
CCPR2                             0000001B
CCPR2H                            0000001C
CCPR2L                            0000001B
CHS0                              00000003
CHS1                              00000004
CHS2                              00000005
CIS                               00000003
CKE                               00000006
gpasm-1.4.0 #1106 (Oct  6 2014) obj\Debug\mai   10-23-2019  21:26:42        PAGE 10


SYMBOL TABLE
  LABEL                             VALUE 

CKP                               00000004
CM0                               00000000
CM1                               00000001
CM2                               00000002
CMCON                             0000009C
CMIE                              00000006
CMIF                              00000006
CREN                              00000004
CSRC                              00000007
CVR0                              00000000
CVR1                              00000001
CVR2                              00000002
CVR3                              00000003
CVRCON                            0000009D
CVREN                             00000007
CVROE                             00000006
CVRR                              00000005
D                                 00000005
DATA_ADDRESS                      00000005
DC                                00000001
D_A                               00000005
D_NOT_A                           00000005
EEADR                             0000010D
EEADRH                            0000010F
EECON1                            0000018C
EECON2                            0000018D
EEDATA                            0000010C
EEDATH                            0000010E
EEIE                              00000004
EEIF                              00000004
EEPGD                             00000007
F                                 00000001
FERR                              00000002
FSR                               00000004
GCEN                              00000007
GIE                               00000007
GO                                00000002
GO_DONE                           00000002
GO_NOT_DONE                       00000002
I2C_DATA                          00000005
I2C_READ                          00000002
I2C_START                         00000003
I2C_STOP                          00000004
IBF                               00000007
IBOV                              00000005
INDF                              00000000
INTCON                            0000000B
INTE                              00000004
INTEDG                            00000006
INTF                              00000001
IRP                               00000007
NOT_A                             00000005
NOT_ADDRESS                       00000005
gpasm-1.4.0 #1106 (Oct  6 2014) obj\Debug\mai   10-23-2019  21:26:42        PAGE 11


SYMBOL TABLE
  LABEL                             VALUE 

NOT_BO                            00000000
NOT_BOR                           00000000
NOT_DONE                          00000002
NOT_PD                            00000003
NOT_POR                           00000001
NOT_RBPU                          00000007
NOT_RC8                           00000006
NOT_T1SYNC                        00000002
NOT_TO                            00000004
NOT_TX8                           00000006
NOT_W                             00000002
NOT_WRITE                         00000002
OBF                               00000006
OERR                              00000001
OPTION_REG                        00000081
P                                 00000004
PCFG0                             00000000
PCFG1                             00000001
PCFG2                             00000002
PCFG3                             00000003
PCL                               00000002
PCLATH                            0000000A
PCON                              0000008E
PEIE                              00000006
PEN                               00000002
PIE1                              0000008C
PIE2                              0000008D
PIR1                              0000000C
PIR2                              0000000D
PORTA                             00000005
PORTB                             00000006
PORTC                             00000007
PORTD                             00000008
PORTE                             00000009
PR2                               00000092
PS0                               00000000
PS1                               00000001
PS2                               00000002
PSA                               00000003
PSAVE                             00000070
PSPIE                             00000007
PSPIF                             00000007
PSPMODE                           00000004
R                                 00000002
RA0                               00000000
RA1                               00000001
RA2                               00000002
RA3                               00000003
RA4                               00000004
RA5                               00000005
RB0                               00000000
RB1                               00000001
RB2                               00000002
gpasm-1.4.0 #1106 (Oct  6 2014) obj\Debug\mai   10-23-2019  21:26:42        PAGE 12


SYMBOL TABLE
  LABEL                             VALUE 

RB3                               00000003
RB4                               00000004
RB5                               00000005
RB6                               00000006
RB7                               00000007
RBIE                              00000003
RBIF                              00000000
RC0                               00000000
RC1                               00000001
RC2                               00000002
RC3                               00000003
RC4                               00000004
RC5                               00000005
RC6                               00000006
RC7                               00000007
RC8_9                             00000006
RC9                               00000006
RCD8                              00000000
RCEN                              00000003
RCIE                              00000005
RCIF                              00000005
RCREG                             0000001A
RCSTA                             00000018
RD                                00000000
RD0                               00000000
RD1                               00000001
RD2                               00000002
RD3                               00000003
RD4                               00000004
RD5                               00000005
RD6                               00000006
RD7                               00000007
RE0                               00000000
RE1                               00000001
RE2                               00000002
READ_WRITE                        00000002
RP0                               00000005
RP1                               00000006
RSEN                              00000001
RX9                               00000006
RX9D                              00000000
R_NOT_W                           00000002
R_W                               00000002
S                                 00000003
SEN                               00000000
SMP                               00000007
SPBRG                             00000099
SPEN                              00000007
SREN                              00000005
SSAVE                             00000071
SSPADD                            00000093
SSPBUF                            00000013
SSPCON                            00000014
gpasm-1.4.0 #1106 (Oct  6 2014) obj\Debug\mai   10-23-2019  21:26:42        PAGE 13


SYMBOL TABLE
  LABEL                             VALUE 

SSPCON2                           00000091
SSPEN                             00000005
SSPIE                             00000003
SSPIF                             00000003
SSPM0                             00000000
SSPM1                             00000001
SSPM2                             00000002
SSPM3                             00000003
SSPOV                             00000006
SSPSTAT                           00000094
STATUS                            00000003
STK00                             0000007F
STK01                             0000007E
STK02                             0000007D
STK03                             0000007C
STK04                             0000007B
STK05                             0000007A
STK06                             00000079
STK07                             00000078
STK08                             00000077
STK09                             00000076
STK10                             00000075
STK11                             00000074
STK12                             00000073
SYNC                              00000004
T0CS                              00000005
T0IE                              00000005
T0IF                              00000002
T0SE                              00000004
T1CKPS0                           00000004
T1CKPS1                           00000005
T1CON                             00000010
T1INSYNC                          00000002
T1OSCEN                           00000003
T1SYNC                            00000002
T2CKPS0                           00000000
T2CKPS1                           00000001
T2CON                             00000012
TMR0                              00000001
TMR0IE                            00000005
TMR0IF                            00000002
TMR1                              0000000E
TMR1CS                            00000001
TMR1H                             0000000F
TMR1IE                            00000000
TMR1IF                            00000000
TMR1L                             0000000E
TMR1ON                            00000000
TMR2                              00000011
TMR2IE                            00000001
TMR2IF                            00000001
TMR2ON                            00000002
TOUTPS0                           00000003
gpasm-1.4.0 #1106 (Oct  6 2014) obj\Debug\mai   10-23-2019  21:26:42        PAGE 14


SYMBOL TABLE
  LABEL                             VALUE 

TOUTPS1                           00000004
TOUTPS2                           00000005
TOUTPS3                           00000006
TRISA                             00000085
TRISA0                            00000000
TRISA1                            00000001
TRISA2                            00000002
TRISA3                            00000003
TRISA4                            00000004
TRISA5                            00000005
TRISB                             00000086
TRISB0                            00000000
TRISB1                            00000001
TRISB2                            00000002
TRISB3                            00000003
TRISB4                            00000004
TRISB5                            00000005
TRISB6                            00000006
TRISB7                            00000007
TRISC                             00000087
TRISC0                            00000000
TRISC1                            00000001
TRISC2                            00000002
TRISC3                            00000003
TRISC4                            00000004
TRISC5                            00000005
TRISC6                            00000006
TRISC7                            00000007
TRISD                             00000088
TRISD0                            00000000
TRISD1                            00000001
TRISD2                            00000002
TRISD3                            00000003
TRISD4                            00000004
TRISD5                            00000005
TRISD6                            00000006
TRISD7                            00000007
TRISE                             00000089
TRISE0                            00000000
TRISE1                            00000001
TRISE2                            00000002
TRMT                              00000001
TX8_9                             00000006
TX9                               00000006
TX9D                              00000000
TXD8                              00000000
TXEN                              00000005
TXIE                              00000004
TXIF                              00000004
TXREG                             00000019
TXSTA                             00000098
UA                                00000001
W                                 00000000
gpasm-1.4.0 #1106 (Oct  6 2014) obj\Debug\mai   10-23-2019  21:26:42        PAGE 15


SYMBOL TABLE
  LABEL                             VALUE 

WCOL                              00000007
WR                                00000001
WREN                              00000002
WRERR                             00000003
WSAVE                             00000072
Z                                 00000002
_00105_DS_                        00000016
_ADCON0                           00000000
_ADCON0bits                       00000000
_ADCON1                           00000000
_ADCON1bits                       00000000
_ADRESH                           00000000
_ADRESL                           00000000
_BODEN_OFF                        00003FBF
_BODEN_ON                         00003FFF
_BOREN_OFF                        00003FBF
_BOREN_ON                         00003FFF
_CCP1CON                          00000000
_CCP1CONbits                      00000000
_CCP2CON                          00000000
_CCP2CONbits                      00000000
_CCPR1                            00000000
_CCPR1H                           00000000
_CCPR1L                           00000000
_CCPR2                            00000000
_CCPR2H                           00000000
_CCPR2L                           00000000
_CMCON                            00000000
_CMCONbits                        00000000
_CONFIG                           00002007
_CPD_OFF                          00003FFF
_CPD_ON                           00003EFF
_CP_ALL                           00001FFF
_CP_OFF                           00003FFF
_CP_ON                            00001FFF
_CVRCON                           00000000
_CVRCONbits                       00000000
_DEBUG_OFF                        00003FFF
_DEBUG_ON                         000037FF
_DEVID1                           00002006
_EEADR                            00000000
_EEADRH                           00000000
_EECON1                           00000000
_EECON1bits                       00000000
_EECON2                           00000000
_EEDATA                           00000000
_EEDATH                           00000000
_FOSC_EXTRC                       00003FFF
_FOSC_HS                          00003FFE
_FOSC_LP                          00003FFC
_FOSC_XT                          00003FFD
_FSR                              00000000
_HS_OSC                           00003FFE
gpasm-1.4.0 #1106 (Oct  6 2014) obj\Debug\mai   10-23-2019  21:26:42        PAGE 16


SYMBOL TABLE
  LABEL                             VALUE 

_IDLOC0                           00002000
_IDLOC1                           00002001
_IDLOC2                           00002002
_IDLOC3                           00002003
_INDF                             00000000
_INTCON                           00000000
_INTCONbits                       00000000
_LP_OSC                           00003FFC
_LVP_OFF                          00003F7F
_LVP_ON                           00003FFF
_OPTION_REG                       00000000
_OPTION_REGbits                   00000000
_OS_Init                          00000000
_OS_Start                         00000000
_OS_Update                        00000000
_PCL                              00000000
_PCLATH                           00000000
_PCON                             00000000
_PCONbits                         00000000
_PIE1                             00000000
_PIE1bits                         00000000
_PIE2                             00000000
_PIE2bits                         00000000
_PIR1                             00000000
_PIR1bits                         00000000
_PIR2                             00000000
_PIR2bits                         00000000
_PORTA                            00000000
_PORTAbits                        00000000
_PORTB                            00000000
_PORTBbits                        00000000
_PORTC                            00000000
_PORTCbits                        00000000
_PORTD                            00000000
_PORTDbits                        00000000
_PORTE                            00000000
_PORTEbits                        00000000
_PR2                              00000000
_PWRTE_OFF                        00003FFF
_PWRTE_ON                         00003FF7
_RCREG                            00000000
_RCSTA                            00000000
_RCSTAbits                        00000000
_RC_OSC                           00003FFF
_SPBRG                            00000000
_SSD_Init                         00000000
_SSPADD                           00000000
_SSPBUF                           00000000
_SSPCON                           00000000
_SSPCON2                          00000000
_SSPCON2bits                      00000000
_SSPCONbits                       00000000
_SSPSTAT                          00000000
gpasm-1.4.0 #1106 (Oct  6 2014) obj\Debug\mai   10-23-2019  21:26:42        PAGE 17


SYMBOL TABLE
  LABEL                             VALUE 

_SSPSTATbits                      00000000
_STATUS                           00000000
_STATUSbits                       00000000
_T1CON                            00000000
_T1CONbits                        00000000
_T2CON                            00000000
_T2CONbits                        00000000
_TMR0                             00000000
_TMR1                             00000000
_TMR1H                            00000000
_TMR1L                            00000000
_TMR2                             00000000
_TRISA                            00000000
_TRISAbits                        00000000
_TRISB                            00000000
_TRISBbits                        00000000
_TRISC                            00000000
_TRISCbits                        00000000
_TRISD                            00000000
_TRISDbits                        00000000
_TRISE                            00000000
_TRISEbits                        00000000
_TXREG                            00000000
_TXSTA                            00000000
_TXSTAbits                        00000000
_WDTE_OFF                         00003FFB
_WDTE_ON                          00003FFF
_WDT_OFF                          00003FFB
_WDT_ON                           00003FFF
_WRT_1FOURTH                      00003BFF
_WRT_256                          00003DFF
_WRT_HALF                         000039FF
_WRT_OFF                          00003FFF
_XT_OSC                           00003FFD
__16F877A                         00000001
__CODE_END                        00001FFF
__CODE_START                      00000000
__COMMON_RAM_END                  0000007F
__COMMON_RAM_START                00000070
__EEPROM_END                      000021FF
__EEPROM_START                    00002100
__VECTOR_INT                      00000004
__VECTOR_RESET                    00000000
__itoa                            00000000
__ltoa                            00000000
__print_format                    00000000
__sdcc_gsinit_startup             00000000
__uitoa                           00000000
__ultoa                           00000000
_abs                              00000000
_atof                             00000000
_atoi                             00000000
_atol                             00000000
gpasm-1.4.0 #1106 (Oct  6 2014) obj\Debug\mai   10-23-2019  21:26:42        PAGE 18


SYMBOL TABLE
  LABEL                             VALUE 

_calloc                           00000000
_code_main_0004                   00000004
_code_main_0009                   00000009
_code_main_000E                   0000000E
_display_Init                     00000000
_display_Update                   00000000
_flag                             00000000
_free                             00000000
_getchar                          00000000
_gets                             00000000
_labs                             00000000
_main                             00000000
_malloc                           00000000
_printf                           00000000
_printf_small                     00000000
_putchar                          00000000
_puts                             00000000
_rand                             00000000
_realloc                          00000000
_set_Segment_Data                 00000000
_set_Segment_state                00000000
_set_To_Buffer                    00000000
_sprintf                          00000000
_srand                            00000000
_update_Segment                   00000000
_vprintf                          00000000
_vsprintf                         00000000

Errors   :     1
Warnings :     0 reported,     0 suppressed
Messages :     0 reported,     0 suppressed

